<?xml version="1.0" encoding="UTF-8"?>
<!-- Generated by org.testng.reporters.JUnitXMLReporter -->
<testsuite ignored="0" hostname="VA-IGa4XlBQveWE" failures="0" tests="2" name="Car and Book Search Tests" time="130.497" errors="0" timestamp="2026-02-18T14:07:49 NPT">
  <testcase classname="com.hamrobazaar.tests.CarAndBookTest" name="testCarSearch" time="64.681"/>
  <testcase classname="com.hamrobazaar.tests.CarAndBookTest" name="testBookSearch" time="62.395"/>
</testsuite> <!-- Car and Book Search Tests -->
