<?xml version="1.0" encoding="UTF-8"?>
<!-- Generated by org.testng.reporters.JUnitXMLReporter -->
<testsuite ignored="0" hostname="VA-IGa4XlBQveWE" failures="0" tests="2" name="Car and Book Search Tests" time="97.632" errors="0" timestamp="2026-02-17T15:11:48 NPT">
  <testcase classname="com.hamrobazaar.tests.CarAndBookTest" name="testCarSearch" time="40.104"/>
  <testcase classname="com.hamrobazaar.tests.CarAndBookTest" name="testBookSearch" time="53.85"/>
</testsuite> <!-- Car and Book Search Tests -->
