<?xml version="1.0" encoding="UTF-8"?>
<testsuite xmlns:xsi="http://www.w3.org/2001/XMLSchema-instance" xsi:noNamespaceSchemaLocation="https://maven.apache.org/surefire/maven-surefire-plugin/xsd/surefire-test-report-3.0.xsd" version="3.0" name="TestSuite" time="198.348" tests="3" errors="0" skipped="0" failures="0">
  <properties>
[...]
</properties>
  <testcase name="testCompleteSearchFlowInOneSession" classname="com.hamrobazaar.tests.SearchResultsTest" time="61.604">
    <system-out><![CDATA[[14:04:33] [INFO ] ExtentReportListener - Test Suite Started: Monitor Search Test
[14:04:33] [INFO ] BaseTest - Setting up WebDriver for browser: chrome
[14:04:33] [INFO ] BaseTest - Initializing Chrome browser
[14:04:37] [INFO ] DriverManager - WebDriver instance set for thread: 1
[14:04:37] [INFO ] BaseTest - Browser window maximized
[14:04:37] [INFO ] BaseTest - All cookies deleted
[14:04:37] [INFO ] BaseTest - WebDriver setup completed successfully
[14:04:37] [INFO ] ExtentReportListener - Test Started: testCompleteSearchFlowInOneSession
[14:04:37] [INFO ] BaseTest - Starting Complete End-to-End Test (Single Session)
[14:04:37] [INFO ] CSVReaderUtil - CSV Headers: ï»¿Test name , Search keyword, Location and distance , Distance from location, Quality, Pricing from, Pricing to, Negotiable , Sort Order
[14:04:37] [INFO ] CSVReaderUtil - Successfully read 3 rows from CSV: src/test/resources/testdata/testdata.csv
[14:04:37] [INFO ] BaseTest - Test Data - Keyword: monitor, Location: Naya Sadak, New Road, Kathmandu-22, Kathmandu, Distance: 10km
[14:04:37] [INFO ] BaseTest - Navigating to URL: https://hamrobazaar.com/
[14:04:39] [INFO ] BaseTest - Successfully navigated to: https://hamrobazaar.com/
[14:04:39] [INFO ] HomePage - HomePage initialized
[14:04:39] [INFO ] HomePage - Searching for product: monitor
[14:04:39] [INFO ] HomePage - Searched for: monitor
[14:04:39] [INFO ] HomePage - Setting location: Naya Sadak, New Road, Kathmandu-22, Kathmandu
[14:04:40] [INFO ] HomePage - Found location input using name attribute
[14:04:40] [INFO ] BasePage - Scrolled to and highlighted element
[14:04:40] [INFO ] BasePage - Clicked on element
[14:04:40] [INFO ] HomePage - Typed location: Naya Sadak, New Road, Kathmandu-22, Kathmandu
[14:04:40] [INFO ] HomePage - Selecting suggestion for: Naya Sadak, New Road, Kathmandu-22, Kathmandu
[14:04:41] [INFO ] HomePage - Found suggestion using dynamic location locator
[14:04:41] [INFO ] BasePage - Scrolled to and highlighted element
[14:04:41] [INFO ] BasePage - Clicked on element
[14:04:41] [INFO ] HomePage - Clicked suggestion: Naya Sadak, New Road, Kathmandu-22, Kathmandu
[14:04:41] [INFO ] HomePage - Scrolling to distance section
[14:04:41] [INFO ] BasePage - Scrolled to page bottom
[14:04:41] [INFO ] HomePage - Scrolled to distance section
[14:04:41] [INFO ] HomePage - Setting distance: 10km
[14:04:41] [INFO ] HomePage - Found distance button using aria-label: 10km
[14:04:41] [INFO ] BasePage - Scrolled to and highlighted element
[14:04:42] [ERROR] BasePage - Failed to click element: element click intercepted: Element <button type="button" data-state="off" role="radio" aria-checked="false" class="gap-2 rounded-md hover:bg-muted hover:text-muted-foreground focus-visible:outline-none focus-visible:ring-1 focus-visible:ring-ring disabled:pointer-events-none [&amp;_svg]:pointer-events-none [&amp;_svg]:size-4 [&amp;_svg]:shrink-0 bg-transparent h-9 min-w-9 relative flex w-full items-center justify-center font-medium select-none transition text-nowrap px-4 py-2 text-sm text-foreground before:pointer-events-none before:absolute before:top-1/2 before:-translate-y-1/2 before:right-0 before:h-4 before:w-px before:bg-border-dim-2 before:content-[''] last:before:hidden data-[state=on]:z-10 data-[state=on]:bg-transparent data-[state=on]:text-accent-surface data-[state=on]:border data-[state=on]:border-accent-surface data-[state=on]:rounded-lg disabled:opacity-60 disabled:cursor-not-allowed" aria-label="..." tabindex="-1" data-radix-collection-item="">10km</button> is not clickable at point (931, 52). Other element would receive the click: <button class="inline-flex py-0 items-center text-nowrap justify-center gap-3 font-medium transition-colors focus-visible:outline-nonedisabled:cursor-not-allowed disabled:opacity-50 [&amp;_svg]:shrink-0 [&amp;_svg]:h-6 [&amp;_svg]:w-6 h-11 px-3 button-primary min-w-[100px] bg-transparent rounded-lg text-on-surface-sharp hover:bg-tertiary-hover-surface hover:text-tertiary-hover-on-surface active:bg-tertiary-active-surface active:text-tertiary-active-on-surface">...</button>
  (Session info: chrome=144.0.7559.135)
Build info: version: '4.18.1', revision: 'b1d3319b48'
System info: os.name: 'Windows 11', os.arch: 'amd64', os.version: '10.0', java.version: '11.0.22'
Driver info: org.openqa.selenium.chrome.ChromeDriver
Command: [5a3b81339ac1e5801b11e8be7426f877, clickElement {id=f.E8F12DD47240D28F1BEB958E969FD4F9.d.799512E0952E4E280495C1471D001450.e.31}]
Capabilities {acceptInsecureCerts: false, browserName: chrome, browserVersion: 144.0.7559.135, chrome: {chromedriverVersion: 144.0.7559.133 (7da823b1d59..., userDataDir: C:\Users\I1002567\AppData\L...}, fedcm:accounts: true, goog:chromeOptions: {debuggerAddress: localhost:63482}, goog:processID: 8904, networkConnectionEnabled: false, pageLoadStrategy: normal, platformName: windows, proxy: Proxy(), se:cdp: ws://localhost:63482/devtoo..., se:cdpVersion: 144.0.7559.135, setWindowRect: true, strictFileInteractability: false, timeouts: {implicit: 0, pageLoad: 300000, script: 30000}, unhandledPromptBehavior: dismiss and notify, webauthn:extension:credBlob: true, webauthn:extension:largeBlob: true, webauthn:extension:minPinLength: true, webauthn:extension:prf: true, webauthn:virtualAuthenticators: true}
Element: [[ChromeDriver: chrome on windows (5a3b81339ac1e5801b11e8be7426f877)] -> css selector: button[role='radio'][aria-label='10km']]
Session ID: 5a3b81339ac1e5801b11e8be7426f877
[14:04:42] [INFO ] BasePage - Clicked element using JavaScript
[14:04:42] [INFO ] HomePage - Clicked distance button using JS: 10km
[14:04:42] [INFO ] HomePage - Clicking Apply Filters button
[14:04:42] [INFO ] HomePage - Found Apply Filters button using text
[14:04:42] [INFO ] BasePage - Scrolled to and highlighted element
[14:04:42] [INFO ] BasePage - Clicked on element
[14:04:42] [INFO ] HomePage - Clicked Apply Filters
[14:04:43] [INFO ] SearchResultsPage - SearchResultsPage initialized
[14:04:43] [INFO ] SearchResultsPage - Applying Low to High sort
[14:04:43] [INFO ] SearchResultsPage - Clicking sort dropdown button
[14:04:53] [INFO ] SearchResultsPage - Found sort button using aria-label
[14:04:53] [INFO ] BasePage - Scrolled to and highlighted element
[14:04:53] [INFO ] BasePage - Clicked on element
[14:04:53] [INFO ] SearchResultsPage - Sort dropdown opened
[14:04:53] [INFO ] SearchResultsPage - Clicking Low to High option
[14:05:03] [INFO ] BasePage - Scrolled to and highlighted element
[14:05:03] [INFO ] BasePage - Clicked on element
[14:05:13] [INFO ] SearchResultsPage - Sorted by Low to High
[14:05:13] [INFO ] SearchResultsPage - Applied Low to High sort
[14:05:13] [INFO ] SearchResultsPage - PRICE SORT VERIFICATION STARTED
[14:05:13] [INFO ] SearchResultsPage - Step 1: Found 13 price elements on page
[14:05:13] [INFO ] SearchResultsPage - Step 1 Complete: Extracted 13 valid prices
[14:05:13] [INFO ] SearchResultsPage - Step 2 Complete: Copied 13 prices to sortedPrices
[14:05:13] [INFO ] SearchResultsPage - Step 3 Complete: Sorted copy in ascending order
[14:05:13] [INFO ] SearchResultsPage - Step 4: Comparing originalPrices vs sortedPrices
[14:05:13] [INFO ] SearchResultsPage - Index    | Original        | Expected(Sorted)  
[14:05:13] [INFO ] SearchResultsPage - ---------------------------------------------
[14:05:13] [INFO ] SearchResultsPage - 1        | Rs 1.0          | Rs 1.0             MATCH
[14:05:13] [INFO ] SearchResultsPage - 2        | Rs 87.0         | Rs 87.0            MATCH
[14:05:13] [INFO ] SearchResultsPage - 3        | Rs 199.0        | Rs 199.0           MATCH
[14:05:13] [INFO ] SearchResultsPage - 4        | Rs 339.0        | Rs 339.0           MATCH
[14:05:13] [INFO ] SearchResultsPage - 5        | Rs 500.0        | Rs 500.0           MATCH
[14:05:13] [INFO ] SearchResultsPage - 6        | Rs 500.0        | Rs 500.0           MATCH
[14:05:13] [INFO ] SearchResultsPage - 7        | Rs 600.0        | Rs 600.0           MATCH
[14:05:13] [INFO ] SearchResultsPage - 8        | Rs 799.0        | Rs 799.0           MATCH
[14:05:13] [INFO ] SearchResultsPage - 9        | Rs 799.0        | Rs 799.0           MATCH
[14:05:13] [INFO ] SearchResultsPage - 10       | Rs 799.0        | Rs 799.0           MATCH
[14:05:13] [INFO ] SearchResultsPage - 11       | Rs 799.0        | Rs 799.0           MATCH
[14:05:13] [INFO ] SearchResultsPage - 12       | Rs 800.0        | Rs 800.0           MATCH
[14:05:13] [INFO ] SearchResultsPage - 13       | Rs 999.0        | Rs 999.0           MATCH
[14:05:13] [INFO ] SearchResultsPage -  VERIFICATION PASSED - Prices ARE sorted Low to High
[14:05:13] [INFO ] BaseTest - Price sort verified: PASSED
[14:05:13] [INFO ] SearchResultsPage - Extracting up to 50 products using virtual scroll
[14:05:13] [INFO ] SearchResultsPage - Starting virtual scroll extraction for 50 products
[14:05:13] [INFO ] SearchResultsPage - Scroll 1: 13 visible cards, 0 extracted so far
[14:05:13] [INFO ] SearchResultsPage - Extracted [1/50] index=0: Yamaha HS3 Powered Studio Monitor in Black, Pair (
[14:05:13] [INFO ] SearchResultsPage - Extracted [2/50] index=1: ASUS TUF GAMING MONITOR
[14:05:13] [INFO ] SearchResultsPage - Extracted [3/50] index=2: 12V 1A adapter/charger for router, LCD monitor
[14:05:14] [INFO ] SearchResultsPage - Extracted [4/50] index=3: 12V 1A Adapter/ Charger AC/DC, SMPS for PC,monitor
[14:05:14] [INFO ] SearchResultsPage - Extracted [5/50] index=4: DAHUA Monitor stand-LM22-H200
[14:05:14] [INFO ] SearchResultsPage - Extracted [6/50] index=5: RENT 7" 4K HDMI/SDI Field/Director Monitor @ 500
[14:05:14] [INFO ] SearchResultsPage - Extracted [7/50] index=6: Hot Shoe Mount Adapter For Camera Monitor
[14:05:14] [INFO ] SearchResultsPage - Extracted [8/50] index=7: SMART HEALTH BRACELET WITH HEART RATE MONITOR
[14:05:14] [INFO ] SearchResultsPage - Extracted [9/50] index=8: VGA MONITOR Y SPLITTER, 1 FOOT
[14:05:14] [INFO ] SearchResultsPage - Extracted [10/50] index=9: VGA Monitor Y Splitter, 1 Foot
[14:05:14] [INFO ] SearchResultsPage - Extracted [11/50] index=10: VGA MONITOR Y SPLITTER, 1 FOOT
[14:05:14] [INFO ] SearchResultsPage - Extracted [12/50] index=11: VGA Monitor Y Splitter, 1 Foot
[14:05:14] [INFO ] SearchResultsPage - Extracted [13/50] index=12: Swivel and Tilt Monitor Mount Mic Flash etc
[14:05:14] [INFO ] BasePage - Scrolled to page bottom
[14:05:25] [INFO ] SearchResultsPage - Scroll 2: 24 visible cards, 13 extracted so far
[14:05:25] [INFO ] SearchResultsPage - Extracted [14/50] index=15: Mini DisplayPort to VGA Monitor Adapter
[14:05:25] [INFO ] SearchResultsPage - Extracted [15/50] index=16: Battery Capacity Monitor 10-48V Battery Meter 12V
[14:05:25] [INFO ] SearchResultsPage - Extracted [16/50] index=17: Gluco One Blood Glucose Monitoring System
[14:05:25] [INFO ] SearchResultsPage - Extracted [17/50] index=18: KZ EDC PRO Detachable In Ear Monitors IEM
[14:05:25] [INFO ] SearchResultsPage - Extracted [18/50] index=19: Desk Mount Bracket for 55" Monitor HB-5055-H
[14:05:25] [INFO ] SearchResultsPage - Extracted [19/50] index=20: 17" hp monitor
[14:05:25] [INFO ] SearchResultsPage - Extracted [20/50] index=21: TV / Computer Monitor Stand
[14:05:25] [INFO ] SearchResultsPage - Extracted [21/50] index=22: 22 inch dell monitor display change garnu parxa
[14:05:25] [INFO ] SearchResultsPage - Extracted [22/50] index=23: Samsung CRD monitor fresh condition
[14:05:25] [INFO ] SearchResultsPage - Extracted [23/50] index=24: Mini DisplayPort to VGA Monitor Adapter
[14:05:26] [INFO ] SearchResultsPage - Extracted [24/50] index=25: Teckin Smart WiFi 16A SA Plug With Energy Monitor
[14:05:26] [INFO ] SearchResultsPage - Extracted [25/50] index=26: Mini DisplayPort to VGA Monitor Adapter
[14:05:26] [INFO ] SearchResultsPage - Extracted [26/50] index=27: Mini DisplayPort to VGA Monitor Adapter
[14:05:26] [INFO ] SearchResultsPage - Extracted [27/50] index=28: 15" led Monitor
[14:05:26] [INFO ] SearchResultsPage - Extracted [28/50] index=29: VGA 15 Pin (3C+6) Monitor Cable 10Meter to 30Meter
[14:05:26] [INFO ] SearchResultsPage - Extracted [29/50] index=30: 15 17 19 inch Dell ,Hp , Acer branded LCD monitor
[14:05:26] [INFO ] SearchResultsPage - Extracted [30/50] index=31: Monitor
[14:05:26] [INFO ] SearchResultsPage - Extracted [31/50] index=32: DisplayPort to HDTV Monitor Cable - 3Meter
[14:05:26] [INFO ] SearchResultsPage - Extracted [32/50] index=33: Rossmax Manual BP Monitor WIth Sthetescope
[14:05:26] [INFO ] SearchResultsPage - Extracted [33/50] index=34: Samsung led monitor 19"
[14:05:26] [INFO ] SearchResultsPage - Extracted [34/50] index=35: Monitor Light Bar: Enhance Productivity & Eye Comf
[14:05:27] [INFO ] SearchResultsPage - Extracted [35/50] index=36: T2 Pro Smart Watch Men Round Bluetooth Monitoring
[14:05:27] [INFO ] SearchResultsPage - Extracted [36/50] index=37: Colour Calibrator service for Display Monitor
[14:05:27] [INFO ] SearchResultsPage - Extracted [37/50] index=38: EVESVO Monitor Light Bar for Computer Screen
[14:05:27] [INFO ] BasePage - Scrolled to page bottom
[14:05:37] [INFO ] SearchResultsPage - Scroll 3: 24 visible cards, 37 extracted so far
[14:05:37] [INFO ] SearchResultsPage - Extracted [38/50] index=42: Blood Pressure Monitoring YE610D
[14:05:37] [INFO ] SearchResultsPage - Extracted [39/50] index=43: EDX Pro X in Ear Monitor Headphones
[14:05:37] [INFO ] SearchResultsPage - Extracted [40/50] index=44: HF1976 Blood Pressure Monitor with Digital Monito
[14:05:37] [INFO ] SearchResultsPage - Extracted [41/50] index=45: Digital Blood Pressure Monitor
[14:05:37] [INFO ] SearchResultsPage - Extracted [42/50] index=46: DIRECTOR MONITOR. Available for rent
[14:05:37] [INFO ] SearchResultsPage - Extracted [43/50] index=47: Wooden Monitor Stand
[14:05:37] [INFO ] SearchResultsPage - Extracted [44/50] index=48: samsung lcd monitor (VGA) port
[14:05:38] [INFO ] SearchResultsPage - Extracted [45/50] index=49: BenQ G615HDPL 15.6W" LED Monitor
[14:05:38] [INFO ] SearchResultsPage - Extracted [46/50] index=50: MONITOR STAND - WALL MOUNT HB-4032-E
[14:05:38] [INFO ] SearchResultsPage - Extracted [47/50] index=51: Dr Seibert blood pressure monitor/machine/BP set
[14:05:38] [INFO ] SearchResultsPage - Extracted [48/50] index=52: Double Clamp Mount Bracket Monitor Magic Socket Ar
[14:05:38] [INFO ] SearchResultsPage - Extracted [49/50] index=53: Alctron EPP005 5" Monitor Panel-Isolation Pad,Pair
[14:05:38] [INFO ] SearchResultsPage - Extracted [50/50] index=54: DJI Remote Controller Monitor Hood for Tablets
[14:05:38] [INFO ] SearchResultsPage - Reached target of 50 products!
[14:05:38] [INFO ] SearchResultsPage - Virtual scroll complete: extracted 50 products in 2 scrolls
[14:05:38] [INFO ] BaseTest - Successfully extracted 50 products
[14:05:38] [INFO ] BaseTest - Writing 50 products to CSV: test-output/Search_Result_2026-02-18_14-04-33.csv
[14:05:38] [INFO ] BaseTest - CSV saved: C:\Users\I1002567\eclipse-workspace\HamroBazaarAutomation\test-output\Search_Result_2026-02-18_14-04-33.csv

CSV FILE SAVED: C:\Users\I1002567\eclipse-workspace\HamroBazaarAutomation\test-output\Search_Result_2026-02-18_14-04-33.csv

================================================================================================================================================================
SEARCH RESULTS - TOP 50 PRODUCTS (Sorted Low to High Price)
================================================================================================================================================================
SN   | No.  | Title                                    | Price           | Condition    | Posted Date     | Seller                   
----------------------------------------------------------------------------------------------------------------------------------------------------------------
1    | 1    | Yamaha HS3 Powered Studio Monitor in ... | 1               | Brand New    | 1 years ago     | Nepal Music Gallery      
2    | 2    | ASUS TUF GAMING MONITOR                  | 87              | Brand New    | 9 months ago    | pulse laptop care        
3    | 3    | 12V 1A adapter/charger for router, LC... | 199             | Brand New    | 3 years ago     | Ayush Poudel             
4    | 4    | 12V 1A Adapter/ Charger AC/DC, SMPS f... | 339             | Brand New    | 1 years ago     | e-Smart Technology       
5    | 5    | DAHUA Monitor stand-LM22-H200            | 500             | Like New     | 10 months ago   | Ashil Neupane            
6    | 6    | RENT 7" 4K HDMI/SDI Field/Director Mo... | 500             | Like New     | 1 years ago     | Kimbu Rental             
7    | 7    | Hot Shoe Mount Adapter For Camera Mon... | 600             | Brand New    | 2 years ago     | KM Store                 
8    | 8    | SMART HEALTH BRACELET WITH HEART RATE... | 799             | Brand New    | 4 years ago     | Cost2Cost Nepal          
9    | 9    | VGA MONITOR Y SPLITTER, 1 FOOT           | 799             | Brand New    | 3 years ago     | Gadget House Nepal       
10   | 10   | VGA Monitor Y Splitter, 1 Foot           | 799             | Brand New    | 2 years ago     | Best Deals               
11   | 11   | VGA MONITOR Y SPLITTER, 1 FOOT           | 799             | Brand New    | 4 years ago     | Cost2Cost Nepal          
12   | 12   | VGA Monitor Y Splitter, 1 Foot           | 800             | Brand New    | 2 years ago     | Birendra Shrestha        
13   | 13   | Swivel and Tilt Monitor Mount Mic Fla... | 999             | Brand New    | 3 years ago     | Bits & Bobs              
14   | 14   | Mini DisplayPort to VGA Monitor Adapter  | 1,050           | Brand New    | 4 years ago     | Tech Store               
15   | 15   | Battery Capacity Monitor 10-48V Batte... | 1,099           | Brand New    | 1 years ago     | sajilo cart nepal        
16   | 16   | Gluco One Blood Glucose Monitoring Sy... | 1,100           | Brand New    | 3 months ago    | Archana Surgical Suppl...
17   | 17   | KZ EDC PRO Detachable In Ear Monitors... | 1,200           | Brand New    | 4 days ago      | sastogadgets.com         
18   | 18   | Desk Mount Bracket for 55" Monitor HB... | 1,250           | Brand New    | 2 years ago     | Rhythm Kala Suppliers ...
19   | 19   | 17" hp monitor                           | 1,499           | Used         | 2 months ago    | Laptop & Computer Store  
20   | 20   | TV / Computer Monitor Stand              | 1,499           | Brand New    | 5 days ago      | AK Sharma                
21   | 21   | 22 inch dell monitor display change g... | 1,500           | Used         | 9 months ago    | Sunil rai                
22   | 22   | Samsung CRD monitor fresh condition      | 1,500           | Used         | 3 years ago     | itsme.com                
23   | 23   | Mini DisplayPort to VGA Monitor Adapter  | 1,500           | Brand New    | 12 months ago   | A2z it Care              
24   | 24   | Teckin Smart WiFi 16A SA Plug With En... | 1,550           | Brand New    | 2 years ago     | ONLINE EXPRESS           
25   | 25   | Mini DisplayPort to VGA Monitor Adapter  | 1,550           | Brand New    | 1 years ago     | Kante Technology pvt.ltd 
26   | 26   | Mini DisplayPort to VGA Monitor Adapter  | 1,550           | Brand New    | 1 years ago     | Kante Technology pvt.ltd 
27   | 27   | 15" led Monitor                          | 1,600           | Used         | 1 days ago      | Laptop & Computer Store  
28   | 28   | VGA 15 Pin (3C+6) Monitor Cable 10Met... | 1,699           | Brand New    | 2 years ago     | PCmag                    
29   | 29   | 15 17 19 inch Dell ,Hp , Acer branded... | 1,700           | Like New     | 8 months ago    | Shreyan Office System ...
30   | 30   | Monitor                                  | 1,700           | Used         | 2 weeks ago     | yognic shrestha          
31   | 31   | DisplayPort to HDTV Monitor Cable - 3... | 1,900           | Brand New    | 3 years ago     | AB Tech                  
32   | 32   | Rossmax Manual BP Monitor WIth Sthete... | 1,990           | Brand New    | 3 years ago     | Quality Shop             
33   | 33   | Samsung led monitor 19"                  | 1,999           | Like New     | 3 weeks ago     | On line                  
34   | 34   | Monitor Light Bar: Enhance Productivi... | 1,999           | Brand New    | 2 years ago     | Exort Tech               
35   | 35   | T2 Pro Smart Watch Men Round Bluetoot... | 1,999           | Not Working  | 1 years ago     | The Seraphic             
36   | 36   | Colour Calibrator service for Display... | 2,000           | Brand New    | 3 years ago     | Dakshya Artistry         
37   | 37   | EVESVO Monitor Light Bar for Computer... | 2,000           | Brand New    | 2 years ago     | Technoholic Nepal        
38   | 38   | Blood Pressure Monitoring YE610D         | 2,200           | Brand New    | 12 months ago   | Alinep Online Shopping   
39   | 39   | EDX Pro X in Ear Monitor Headphones      | 2,240           | Brand New    | 1 years ago     | Nepal Music Gallery      
40   | 40   | HF1976 Blood Pressure Monitor with Di... | 2,499           | Brand New    | 2 years ago     | Unique store             
41   | 41   | Digital Blood Pressure Monitor           | 2,499           | Brand New    | 2 years ago     | Unique store             
42   | 42   | DIRECTOR MONITOR. Available for rent     | 2,500           | Like New     | 2 years ago     | Film Crew Nepal          
43   | 43   | Wooden Monitor Stand                     | 2,500           | Brand New    | 3 weeks ago     | Trincula                 
44   | 44   | samsung lcd monitor (VGA) port           | 2,500           | Used         | 4 weeks ago     | sampi                    
45   | 45   | BenQ G615HDPL 15.6W" LED Monitor         | 2,500           | Like New     | 3 years ago     | Kathmandu Laptop Servi...
46   | 46   | MONITOR STAND - WALL MOUNT HB-4032-E     | 2,500           | Brand New    | 2 years ago     | Rhythm Kala Suppliers ...
47   | 47   | Dr Seibert blood pressure monitor/mac... | 2,650           | Brand New    | 3 years ago     | Home Health              
48   | 48   | Double Clamp Mount Bracket Monitor Ma... | 2,799           | Brand New    | 8 months ago    | Gadget Deals Nepal       
49   | 49   | Alctron EPP005 5" Monitor Panel-Isola... | 2,800           | Brand New    | 1 years ago     | Guitar Zone              
50   | 50   | DJI Remote Controller Monitor Hood fo... | 2,875           | Brand New    | 1 years ago     | ITSupplies Pasal         
================================================================================================================================================================
Total Products : 50
CSV File       : test-output/Search_Result_2026-02-18_14-04-33.csv
================================================================================================================================================================

[14:05:38] [INFO ] BaseTest - Complete End-to-End Test PASSED
[14:05:38] [INFO ] ExtentReportListener - Test Passed: testCompleteSearchFlowInOneSession
]]></system-out>
    <system-err><![CDATA[SLF4J(W): No SLF4J providers were found.
SLF4J(W): Defaulting to no-operation (NOP) logger implementation
SLF4J(W): See https://www.slf4j.org/codes.html#noProviders for further details.
Feb 18, 2026 2:04:36 PM org.openqa.selenium.devtools.CdpVersionFinder findNearestMatch
WARNING: Unable to find CDP implementation matching 144
Feb 18, 2026 2:04:37 PM org.openqa.selenium.chromium.ChromiumDriver lambda$new$5
WARNING: Unable to find version of CDP to use for 144.0.7559.135. You may need to include a dependency on a specific version of the CDP using something similar to `org.seleniumhq.selenium:selenium-devtools-v86:4.18.1` where the version ("v86") matches the version of the chromium-based browser you're using and the version number of the artifact is the same as Selenium's.
]]></system-err>
  </testcase>
  <testcase name="testCarSearch" classname="com.hamrobazaar.tests.CarAndBookTest" time="64.687">
    <system-out><![CDATA[[14:05:38] [INFO ] BaseTest - Tearing down WebDriver
[14:05:38] [INFO ] DriverManager - WebDriver quit successfully for thread: 1
[14:05:38] [INFO ] BaseTest - WebDriver quit successfully
[14:05:38] [INFO ] ExtentReportListener - Test Suite Finished: Monitor Search Test
Flushing ExtentReport
ExtentReport flushed successfully
Report should be at: reports/HamroBazaar_Report_2026-02-18_14-04-32.html
Report file confirmed exists: C:\Users\I1002567\eclipse-workspace\HamroBazaarAutomation\reports\HamroBazaar_Report_2026-02-18_14-04-32.html
File size: 13129 bytes
[14:05:39] [INFO ] ExtentReportListener - ExtentReport generated at: reports/HamroBazaar_Report_2026-02-18_14-04-32.html
EXTENT REPORT GENERATED
Location: reports/HamroBazaar_Report_2026-02-18_14-04-32.html
[14:05:39] [INFO ] ExtentReportListener - Test Suite Started: Car and Book Search Tests
[14:05:39] [INFO ] BaseTest - Setting up WebDriver for browser: chrome
[14:05:39] [INFO ] BaseTest - Initializing Chrome browser
[14:05:40] [INFO ] DriverManager - WebDriver instance set for thread: 1
[14:05:40] [INFO ] BaseTest - Browser window maximized
[14:05:40] [INFO ] BaseTest - All cookies deleted
[14:05:40] [INFO ] BaseTest - WebDriver setup completed successfully
[14:05:40] [INFO ] ExtentReportListener - Test Started: testCarSearch
[14:05:40] [INFO ] BaseTest - Starting Car Search Test
[14:05:40] [INFO ] CSVReaderUtil - CSV Headers: ï»¿Test name , Search keyword, Location and distance , Distance from location, Quality, Pricing from, Pricing to, Negotiable , Sort Order
[14:05:40] [INFO ] CSVReaderUtil - Successfully read 3 rows from CSV: src/test/resources/testdata/testdata.csv
[14:05:40] [INFO ] BaseTest - Car Test Data: keyword=Car, location=Labim Mall, Pulchowk, Lalitpur, Lalitpur-3, Lalitpur, distance=1km, condition=Used, price=100000-10000000, negotiable=Any, sort=High to Low (Price)
[14:05:40] [INFO ] BaseTest - Navigating to URL: https://hamrobazaar.com/
[14:05:56] [INFO ] BaseTest - Successfully navigated to: https://hamrobazaar.com/
[14:05:56] [INFO ] HomePage - HomePage initialized
[14:05:56] [INFO ] HomePage - Searching for product: Car
[14:05:56] [INFO ] HomePage - Searched for: Car
[14:05:56] [INFO ] HomePage - Setting location: Labim Mall, Pulchowk, Lalitpur, Lalitpur-3, Lalitpur
[14:05:57] [INFO ] HomePage - Found location input using name attribute
[14:05:57] [INFO ] BasePage - Scrolled to and highlighted element
[14:05:58] [ERROR] BasePage - Failed to click element: element click intercepted: Element <input id="_r_44_-form-item" class="peer block w-full bg-transparent outline-none border-0 focus:placeholder:text-on-surface-dim-2 text-on-surface-sharp caret-accent-surface disabled:cursor-not-allowed paragraph-primary-regular placeholder:form-placeholder py-0.5 placeholder:text-transparent pt-3 pr-10 truncate text-base" placeholder=" " autocomplete="off" autocorrect="off" autocapitalize="none" spellcheck="false" role="combobox" aria-expanded="false" aria-controls="_r_45_-listbox" aria-autocomplete="list" aria-describedby="_r_44_-form-item-description" aria-invalid="false" value="" name="location"> is not clickable at point (954, 576). Other element would receive the click: <div class="bg-surface-sharp w-full py-4 sticky bottom-0 z-[9999] right-0">...</div>
  (Session info: chrome=144.0.7559.135)
Build info: version: '4.18.1', revision: 'b1d3319b48'
System info: os.name: 'Windows 11', os.arch: 'amd64', os.version: '10.0', java.version: '11.0.22'
Driver info: org.openqa.selenium.chrome.ChromeDriver
Command: [ddc0fe8e0ce75d10241b3cce7d845882, clickElement {id=f.660F645A0C8DBC7A1EF6CF12EAE41A0D.d.ABD5580FB6205826AC6FDF881FCB8898.e.16}]
Capabilities {acceptInsecureCerts: false, browserName: chrome, browserVersion: 144.0.7559.135, chrome: {chromedriverVersion: 144.0.7559.133 (7da823b1d59..., userDataDir: C:\Users\I1002567\AppData\L...}, fedcm:accounts: true, goog:chromeOptions: {debuggerAddress: localhost:53289}, goog:processID: 10164, networkConnectionEnabled: false, pageLoadStrategy: normal, platformName: windows, proxy: Proxy(), se:cdp: ws://localhost:53289/devtoo..., se:cdpVersion: 144.0.7559.135, setWindowRect: true, strictFileInteractability: false, timeouts: {implicit: 0, pageLoad: 300000, script: 30000}, unhandledPromptBehavior: dismiss and notify, webauthn:extension:credBlob: true, webauthn:extension:largeBlob: true, webauthn:extension:minPinLength: true, webauthn:extension:prf: true, webauthn:virtualAuthenticators: true}
Element: [[ChromeDriver: chrome on windows (ddc0fe8e0ce75d10241b3cce7d845882)] -> name: location]
Session ID: ddc0fe8e0ce75d10241b3cce7d845882
[14:05:58] [INFO ] BasePage - Clicked element using JavaScript
[14:05:58] [INFO ] HomePage - Typed location: Labim Mall, Pulchowk, Lalitpur, Lalitpur-3, Lalitpur
[14:05:58] [INFO ] HomePage - Selecting suggestion for: Labim Mall, Pulchowk, Lalitpur, Lalitpur-3, Lalitpur
[14:05:58] [INFO ] HomePage - Found suggestion using dynamic location locator
[14:05:59] [INFO ] BasePage - Scrolled to and highlighted element
[14:05:59] [INFO ] BasePage - Clicked on element
[14:05:59] [INFO ] HomePage - Clicked suggestion: Labim Mall, Pulchowk, Lalitpur, Lalitpur-3, Lalitpur
[14:05:59] [INFO ] HomePage - Scrolling to distance section
[14:05:59] [INFO ] BasePage - Scrolled to page bottom
[14:05:59] [INFO ] HomePage - Scrolled to distance section
[14:05:59] [INFO ] HomePage - Setting distance: 1km
[14:05:59] [INFO ] HomePage - Found distance button using aria-label: 1km
[14:05:59] [INFO ] BasePage - Scrolled to and highlighted element
[14:06:00] [ERROR] BasePage - Failed to click element: element click intercepted: Element <button type="button" data-state="off" role="radio" aria-checked="false" class="gap-2 rounded-md hover:bg-muted hover:text-muted-foreground focus-visible:outline-none focus-visible:ring-1 focus-visible:ring-ring disabled:pointer-events-none [&amp;_svg]:pointer-events-none [&amp;_svg]:size-4 [&amp;_svg]:shrink-0 bg-transparent h-9 min-w-9 relative flex w-full items-center justify-center font-medium select-none transition text-nowrap px-4 py-2 text-sm text-foreground before:pointer-events-none before:absolute before:top-1/2 before:-translate-y-1/2 before:right-0 before:h-4 before:w-px before:bg-border-dim-2 before:content-[''] last:before:hidden data-[state=on]:z-10 data-[state=on]:bg-transparent data-[state=on]:text-accent-surface data-[state=on]:border data-[state=on]:border-accent-surface data-[state=on]:rounded-lg disabled:opacity-60 disabled:cursor-not-allowed" aria-label="..." tabindex="-1" data-radix-collection-item="">1km</button> is not clickable at point (863, 52). Other element would receive the click: <path d="M4.5 16.5c-1.5 1.26-2 5-2 5s3.74-.5 5-2c.71-.84.7-2.13-.09-2.91a2.18 2.18 0 0 0-2.91-.09z"></path>
  (Session info: chrome=144.0.7559.135)
Build info: version: '4.18.1', revision: 'b1d3319b48'
System info: os.name: 'Windows 11', os.arch: 'amd64', os.version: '10.0', java.version: '11.0.22'
Driver info: org.openqa.selenium.chrome.ChromeDriver
Command: [ddc0fe8e0ce75d10241b3cce7d845882, clickElement {id=f.660F645A0C8DBC7A1EF6CF12EAE41A0D.d.ABD5580FB6205826AC6FDF881FCB8898.e.30}]
Capabilities {acceptInsecureCerts: false, browserName: chrome, browserVersion: 144.0.7559.135, chrome: {chromedriverVersion: 144.0.7559.133 (7da823b1d59..., userDataDir: C:\Users\I1002567\AppData\L...}, fedcm:accounts: true, goog:chromeOptions: {debuggerAddress: localhost:53289}, goog:processID: 10164, networkConnectionEnabled: false, pageLoadStrategy: normal, platformName: windows, proxy: Proxy(), se:cdp: ws://localhost:53289/devtoo..., se:cdpVersion: 144.0.7559.135, setWindowRect: true, strictFileInteractability: false, timeouts: {implicit: 0, pageLoad: 300000, script: 30000}, unhandledPromptBehavior: dismiss and notify, webauthn:extension:credBlob: true, webauthn:extension:largeBlob: true, webauthn:extension:minPinLength: true, webauthn:extension:prf: true, webauthn:virtualAuthenticators: true}
Element: [[ChromeDriver: chrome on windows (ddc0fe8e0ce75d10241b3cce7d845882)] -> css selector: button[role='radio'][aria-label='1km']]
Session ID: ddc0fe8e0ce75d10241b3cce7d845882
[14:06:00] [INFO ] BasePage - Clicked element using JavaScript
[14:06:00] [INFO ] HomePage - Clicked distance button using JS: 1km
[14:06:00] [INFO ] FilterPage - FilterPage initialized
[14:06:00] [INFO ] FilterPage - Setting condition: Used
[14:06:00] [INFO ] BasePage - Scrolled to and highlighted element
[14:06:00] [INFO ] BasePage - Clicked element using JavaScript
[14:06:00] [INFO ] FilterPage - Clicked condition input using JS
[14:06:00] [INFO ] FilterPage - Typed condition: Used
[14:06:00] [INFO ] FilterPage - Found 1 condition suggestions
[14:06:00] [INFO ] BasePage - Scrolled to and highlighted element
[14:06:00] [INFO ] BasePage - Clicked element using JavaScript
[14:06:00] [INFO ] FilterPage - Selected condition: Used
[14:06:00] [INFO ] FilterPage - Setting price range: 100000 to 10000000
[14:06:00] [INFO ] BasePage - Scrolled to and highlighted element
[14:06:00] [INFO ] FilterPage - Set price from: 100000
[14:06:00] [INFO ] BasePage - Scrolled to and highlighted element
[14:06:01] [INFO ] FilterPage - Set price to: 10000000
[14:06:01] [INFO ] FilterPage - Setting negotiable: Any
[14:06:01] [INFO ] BasePage - Scrolled to and highlighted element
[14:06:01] [INFO ] BasePage - Clicked on element
[14:06:01] [INFO ] FilterPage - Set negotiable to: Any
[14:06:01] [INFO ] FilterPage - Clicking Apply Filters button
[14:06:01] [INFO ] FilterPage - Found Apply button using text
[14:06:01] [INFO ] BasePage - Scrolled to and highlighted element
[14:06:01] [INFO ] BasePage - Clicked on element
[14:06:01] [INFO ] FilterPage - Applied filters
[14:06:01] [INFO ] FilterPage - Applying sort order: High to Low (Price)
[14:06:04] [INFO ] FilterPage - Found sort dropdown using aria-label
[14:06:04] [INFO ] BasePage - Scrolled to and highlighted element
[14:06:04] [INFO ] BasePage - Clicked on element
[14:06:04] [INFO ] FilterPage - Opened sort dropdown
[14:06:04] [INFO ] BasePage - Scrolled to and highlighted element
[14:06:04] [INFO ] BasePage - Clicked on element
[14:06:04] [INFO ] FilterPage - Selected: High to Low (Price)
[14:06:04] [INFO ] SearchResultsPage - SearchResultsPage initialized
[14:06:04] [INFO ] FilterPage - PRICE SORT VERIFICATION: HIGH TO LOW
[14:06:04] [INFO ] FilterPage - Found 3 price elements
[14:06:04] [INFO ] FilterPage - Index    | Original        | Expected(Desc)    
[14:06:04] [INFO ] FilterPage - ---------------------------------------------
[14:06:04] [INFO ] FilterPage - 1        | Rs 6500000.0    | Rs 6500000.0       MATCH
[14:06:04] [INFO ] FilterPage - 2        | Rs 1550000.0    | Rs 1550000.0       MATCH
[14:06:04] [INFO ] FilterPage -  PASSED - High to Low
[14:06:04] [INFO ] SearchResultsPage - Extracting up to 50 products using virtual scroll
[14:06:04] [INFO ] SearchResultsPage - Starting virtual scroll extraction for 50 products
[14:06:04] [INFO ] SearchResultsPage - Scroll 1: 3 visible cards, 0 extracted so far
[14:06:04] [INFO ] SearchResultsPage - Extracted [1/50] index=0: 80% finance bhako car needed
[14:06:04] [INFO ] BasePage - Scrolled to page bottom
[14:06:14] [INFO ] SearchResultsPage - Scroll 2: 2 visible cards, 1 extracted so far
[14:06:14] [INFO ] SearchResultsPage - Extracted [2/50] index=1: Honda city sedan car
[14:06:14] [INFO ] BasePage - Scrolled to page bottom
[14:06:25] [INFO ] SearchResultsPage - Scroll 3: 2 visible cards, 2 extracted so far
[14:06:25] [INFO ] SearchResultsPage - No new products this scroll (1/3 attempts)
[14:06:25] [INFO ] BasePage - Scrolled to page bottom
[14:06:35] [INFO ] SearchResultsPage - Scroll 4: 2 visible cards, 2 extracted so far
[14:06:35] [INFO ] SearchResultsPage - No new products this scroll (2/3 attempts)
[14:06:35] [INFO ] BasePage - Scrolled to page bottom
[14:06:45] [INFO ] SearchResultsPage - Scroll 5: 2 visible cards, 2 extracted so far
[14:06:45] [INFO ] SearchResultsPage - No new products this scroll (3/3 attempts)
[14:06:45] [INFO ] SearchResultsPage - No more new products after 3 attempts, stopping
[14:06:45] [INFO ] SearchResultsPage - Virtual scroll complete: extracted 2 products in 4 scrolls
[14:06:45] [INFO ] BaseTest - CSV saved: C:\Users\I1002567\eclipse-workspace\HamroBazaarAutomation\test-output\Car_Results_2026-02-18_14-04-33.csv

CSV FILE SAVED: C:\Users\I1002567\eclipse-workspace\HamroBazaarAutomation\test-output\Car_Results_2026-02-18_14-04-33.csv

================================================================================================================================================================
RESULTS FOR: CAR  |  Sort: High to Low (Price)  |  Total: 2
================================================================================================================================================================
SN   | Title                                    | Price           | Condition    | Posted Date     | Seller                   
----------------------------------------------------------------------------------------------------------------------------------------------------------------
1    | 80% finance bhako car needed             | 65,00,000       | Used         | 7 months ago    | Base wireless            
2    | Honda city sedan car                     | 15,50,000       | Used         | 10 months ago   | Sanam                    
================================================================================================================================================================

[14:06:45] [INFO ] BaseTest - Car Search Test PASSED
[14:06:45] [INFO ] ExtentReportListener - Test Passed: testCarSearch
]]></system-out>
    <system-err><![CDATA[Feb 18, 2026 2:05:40 PM org.openqa.selenium.devtools.CdpVersionFinder findNearestMatch
WARNING: Unable to find CDP implementation matching 144
Feb 18, 2026 2:05:40 PM org.openqa.selenium.chromium.ChromiumDriver lambda$new$5
WARNING: Unable to find version of CDP to use for 144.0.7559.135. You may need to include a dependency on a specific version of the CDP using something similar to `org.seleniumhq.selenium:selenium-devtools-v86:4.18.1` where the version ("v86") matches the version of the chromium-based browser you're using and the version number of the artifact is the same as Selenium's.
]]></system-err>
  </testcase>
  <testcase name="testBookSearch" classname="com.hamrobazaar.tests.CarAndBookTest" time="62.446">
    <system-out><![CDATA[[14:06:45] [INFO ] BaseTest - Tearing down WebDriver
[14:06:45] [INFO ] DriverManager - WebDriver quit successfully for thread: 1
[14:06:45] [INFO ] BaseTest - WebDriver quit successfully
[14:06:45] [INFO ] BaseTest - Setting up WebDriver for browser: chrome
[14:06:45] [INFO ] BaseTest - Initializing Chrome browser
[14:06:46] [INFO ] DriverManager - WebDriver instance set for thread: 1
[14:06:46] [INFO ] BaseTest - Browser window maximized
[14:06:46] [INFO ] BaseTest - All cookies deleted
[14:06:46] [INFO ] BaseTest - WebDriver setup completed successfully
[14:06:46] [INFO ] ExtentReportListener - Test Started: testBookSearch
[14:06:46] [INFO ] BaseTest - Starting Book Search Test
[14:06:46] [INFO ] CSVReaderUtil - CSV Headers: ï»¿Test name , Search keyword, Location and distance , Distance from location, Quality, Pricing from, Pricing to, Negotiable , Sort Order
[14:06:46] [INFO ] CSVReaderUtil - Successfully read 3 rows from CSV: src/test/resources/testdata/testdata.csv
[14:06:46] [INFO ] BaseTest - Book Test Data: keyword=book, location=Labim Mall, Pulchowk, Lalitpur, Lalitpur-3, Lalitpur, distance=1km, condition=Brand New, price=100-1500, negotiable=Any, sort=A to Z
[14:06:46] [INFO ] BaseTest - Navigating to URL: https://hamrobazaar.com/
[14:07:01] [INFO ] BaseTest - Successfully navigated to: https://hamrobazaar.com/
[14:07:01] [INFO ] HomePage - HomePage initialized
[14:07:01] [INFO ] HomePage - Searching for product: book
[14:07:01] [INFO ] HomePage - Searched for: book
[14:07:01] [INFO ] HomePage - Setting location: Labim Mall, Pulchowk, Lalitpur, Lalitpur-3, Lalitpur
[14:07:02] [INFO ] HomePage - Found location input using name attribute
[14:07:02] [INFO ] BasePage - Scrolled to and highlighted element
[14:07:03] [ERROR] BasePage - Failed to click element: element click intercepted: Element <input id="_r_9q_-form-item" class="peer block w-full bg-transparent outline-none border-0 focus:placeholder:text-on-surface-dim-2 text-on-surface-sharp caret-accent-surface disabled:cursor-not-allowed paragraph-primary-regular placeholder:form-placeholder py-0.5 placeholder:text-transparent pt-3 pr-10 truncate text-base" placeholder=" " autocomplete="off" autocorrect="off" autocapitalize="none" spellcheck="false" role="combobox" aria-expanded="false" aria-controls="_r_9r_-listbox" aria-autocomplete="list" aria-describedby="_r_9q_-form-item-description" aria-invalid="false" value="" name="location"> is not clickable at point (954, 576). Other element would receive the click: <div class="bg-surface-sharp w-full py-4 sticky bottom-0 z-[9999] right-0">...</div>
  (Session info: chrome=144.0.7559.135)
Build info: version: '4.18.1', revision: 'b1d3319b48'
System info: os.name: 'Windows 11', os.arch: 'amd64', os.version: '10.0', java.version: '11.0.22'
Driver info: org.openqa.selenium.chrome.ChromeDriver
Command: [800f9bd07989a332c2ae2313f37fbd78, clickElement {id=f.311369459B25302221011EE4E7F7FB7E.d.36FA199CACE7BD488ABD1079BEDC56B7.e.16}]
Capabilities {acceptInsecureCerts: false, browserName: chrome, browserVersion: 144.0.7559.135, chrome: {chromedriverVersion: 144.0.7559.133 (7da823b1d59..., userDataDir: C:\Users\I1002567\AppData\L...}, fedcm:accounts: true, goog:chromeOptions: {debuggerAddress: localhost:53318}, goog:processID: 22860, networkConnectionEnabled: false, pageLoadStrategy: normal, platformName: windows, proxy: Proxy(), se:cdp: ws://localhost:53318/devtoo..., se:cdpVersion: 144.0.7559.135, setWindowRect: true, strictFileInteractability: false, timeouts: {implicit: 0, pageLoad: 300000, script: 30000}, unhandledPromptBehavior: dismiss and notify, webauthn:extension:credBlob: true, webauthn:extension:largeBlob: true, webauthn:extension:minPinLength: true, webauthn:extension:prf: true, webauthn:virtualAuthenticators: true}
Element: [[ChromeDriver: chrome on windows (800f9bd07989a332c2ae2313f37fbd78)] -> name: location]
Session ID: 800f9bd07989a332c2ae2313f37fbd78
[14:07:03] [INFO ] BasePage - Clicked element using JavaScript
[14:07:03] [INFO ] HomePage - Typed location: Labim Mall, Pulchowk, Lalitpur, Lalitpur-3, Lalitpur
[14:07:03] [INFO ] HomePage - Selecting suggestion for: Labim Mall, Pulchowk, Lalitpur, Lalitpur-3, Lalitpur
[14:07:04] [INFO ] HomePage - Found suggestion using dynamic location locator
[14:07:04] [INFO ] BasePage - Scrolled to and highlighted element
[14:07:04] [INFO ] BasePage - Clicked on element
[14:07:04] [INFO ] HomePage - Clicked suggestion: Labim Mall, Pulchowk, Lalitpur, Lalitpur-3, Lalitpur
[14:07:04] [INFO ] HomePage - Scrolling to distance section
[14:07:04] [INFO ] BasePage - Scrolled to page bottom
[14:07:04] [INFO ] HomePage - Scrolled to distance section
[14:07:04] [INFO ] HomePage - Setting distance: 1km
[14:07:04] [INFO ] HomePage - Found distance button using aria-label: 1km
[14:07:04] [INFO ] BasePage - Scrolled to and highlighted element
[14:07:04] [INFO ] BasePage - Clicked on element
[14:07:04] [INFO ] HomePage - Clicked distance button: 1km
[14:07:04] [INFO ] FilterPage - FilterPage initialized
[14:07:04] [INFO ] FilterPage - Setting condition: Brand New
[14:07:04] [INFO ] BasePage - Scrolled to and highlighted element
[14:07:04] [INFO ] BasePage - Clicked element using JavaScript
[14:07:04] [INFO ] FilterPage - Clicked condition input using JS
[14:07:04] [INFO ] FilterPage - Typed condition: Brand New
[14:07:04] [INFO ] FilterPage - Found 1 condition suggestions
[14:07:04] [INFO ] BasePage - Scrolled to and highlighted element
[14:07:04] [INFO ] BasePage - Clicked element using JavaScript
[14:07:04] [INFO ] FilterPage - Selected condition: Brand New
[14:07:04] [INFO ] FilterPage - Setting price range: 100 to 1500
[14:07:05] [INFO ] BasePage - Scrolled to and highlighted element
[14:07:05] [INFO ] FilterPage - Set price from: 100
[14:07:05] [INFO ] BasePage - Scrolled to and highlighted element
[14:07:05] [INFO ] FilterPage - Set price to: 1500
[14:07:05] [INFO ] FilterPage - Setting negotiable: Any
[14:07:05] [INFO ] BasePage - Scrolled to and highlighted element
[14:07:05] [INFO ] BasePage - Clicked on element
[14:07:05] [INFO ] FilterPage - Set negotiable to: Any
[14:07:05] [INFO ] FilterPage - Clicking Apply Filters button
[14:07:05] [INFO ] FilterPage - Found Apply button using text
[14:07:05] [INFO ] BasePage - Scrolled to and highlighted element
[14:07:05] [INFO ] BasePage - Clicked on element
[14:07:05] [INFO ] FilterPage - Applied filters
[14:07:05] [INFO ] FilterPage - Applying sort order: A to Z
[14:07:07] [INFO ] FilterPage - Found sort dropdown using aria-label
[14:07:07] [INFO ] BasePage - Scrolled to and highlighted element
[14:07:07] [INFO ] BasePage - Clicked on element
[14:07:07] [INFO ] FilterPage - Opened sort dropdown
[14:07:07] [INFO ] BasePage - Scrolled to and highlighted element
[14:07:07] [INFO ] BasePage - Clicked on element
[14:07:07] [INFO ] FilterPage - Selected: A to Z
[14:07:07] [INFO ] SearchResultsPage - SearchResultsPage initialized
[14:07:07] [INFO ] FilterPage - TITLE SORT VERIFICATION: A TO Z
[14:07:07] [INFO ] FilterPage - Found 8 title elements
[14:07:08] [INFO ] FilterPage - Index    | Original                            | Expected(A-Z)                      
[14:07:08] [INFO ] FilterPage - ----------------------------------------------------------------------------------
[14:07:08] [INFO ] FilterPage - 1        | flights booking globally            | flights booking globally            MATCH
[14:07:08] [INFO ] FilterPage - 2        | health,population and enviroment book (grade x) | health,population and enviroment book (grade x) MATCH
[14:07:08] [INFO ] FilterPage - PASSED - A to Z
[14:07:08] [INFO ] SearchResultsPage - Extracting up to 50 products using virtual scroll
[14:07:08] [INFO ] SearchResultsPage - Starting virtual scroll extraction for 50 products
[14:07:08] [INFO ] SearchResultsPage - Scroll 1: 8 visible cards, 0 extracted so far
[14:07:08] [INFO ] SearchResultsPage - Extracted [1/50] index=0: flights booking globally
[14:07:08] [INFO ] BasePage - Scrolled to page bottom
[14:07:18] [INFO ] SearchResultsPage - Scroll 2: 8 visible cards, 1 extracted so far
[14:07:18] [INFO ] SearchResultsPage - Extracted [2/50] index=1: Buy Self Help Books Combo (Virtual+ Physical)
[14:07:18] [INFO ] SearchResultsPage - Extracted [3/50] index=2: clear book file 20 pocket spiral A4 size
[14:07:18] [INFO ] SearchResultsPage - Extracted [4/50] index=3: flights booking globally
[14:07:18] [INFO ] SearchResultsPage - Extracted [5/50] index=4: Health,Population and Enviroment Book (Grade X)
[14:07:18] [INFO ] SearchResultsPage - Extracted [6/50] index=5: Metal Book stands 8" and 9"
[14:07:18] [INFO ] SearchResultsPage - Extracted [7/50] index=6: New Science book (Grade IX)
[14:07:19] [INFO ] SearchResultsPage - Extracted [8/50] index=7: New Science Book( Grade X)
[14:07:19] [INFO ] BasePage - Scrolled to page bottom
[14:07:29] [INFO ] SearchResultsPage - Scroll 3: 8 visible cards, 8 extracted so far
[14:07:29] [INFO ] SearchResultsPage - No new products this scroll (1/3 attempts)
[14:07:29] [INFO ] BasePage - Scrolled to page bottom
[14:07:39] [INFO ] SearchResultsPage - Scroll 4: 8 visible cards, 8 extracted so far
[14:07:39] [INFO ] SearchResultsPage - No new products this scroll (2/3 attempts)
[14:07:39] [INFO ] BasePage - Scrolled to page bottom
[14:07:49] [INFO ] SearchResultsPage - Scroll 5: 8 visible cards, 8 extracted so far
[14:07:49] [INFO ] SearchResultsPage - No new products this scroll (3/3 attempts)
[14:07:49] [INFO ] SearchResultsPage - No more new products after 3 attempts, stopping
[14:07:49] [INFO ] SearchResultsPage - Virtual scroll complete: extracted 8 products in 4 scrolls
[14:07:49] [INFO ] BaseTest - CSV saved: C:\Users\I1002567\eclipse-workspace\HamroBazaarAutomation\test-output\Book_Results_2026-02-18_14-04-33.csv

CSV FILE SAVED: C:\Users\I1002567\eclipse-workspace\HamroBazaarAutomation\test-output\Book_Results_2026-02-18_14-04-33.csv

================================================================================================================================================================
RESULTS FOR: BOOK  |  Sort: A to Z  |  Total: 8
================================================================================================================================================================
SN   | Title                                    | Price           | Condition    | Posted Date     | Seller                   
----------------------------------------------------------------------------------------------------------------------------------------------------------------
1    | flights booking globally                 | N/A             | N/A          | N/A             | N/A                      
2    | Buy Self Help Books Combo (Virtual+ P... | 1,500           | Brand New    | 1 years ago     | Trusted Cards            
3    | clear book file 20 pocket spiral A4 size | 500             | Brand New    | 3 years ago     | Sumiran Stationery & s...
4    | flights booking globally                 | 1,000           | Brand New    | 5 days ago      | suman                    
5    | Health,Population and Enviroment Book... | 200             | Brand New    | 11 months ago   | Abheek Bajracharya       
6    | Metal Book stands 8" and 9"              | 650             | Brand New    | 2 years ago     | Sumiran Stationery & s...
7    | New Science book (Grade IX)              | 300             | Brand New    | 11 months ago   | Abheek Bajracharya       
8    | New Science Book( Grade X)               | 150             | Brand New    | 11 months ago   | Abheek Bajracharya       
================================================================================================================================================================

[14:07:49] [INFO ] BaseTest - Book Search Test PASSED
[14:07:49] [INFO ] ExtentReportListener - Test Passed: testBookSearch
]]></system-out>
    <system-err><![CDATA[Feb 18, 2026 2:06:46 PM org.openqa.selenium.devtools.CdpVersionFinder findNearestMatch
WARNING: Unable to find CDP implementation matching 144
Feb 18, 2026 2:06:46 PM org.openqa.selenium.chromium.ChromiumDriver lambda$new$5
WARNING: Unable to find version of CDP to use for 144.0.7559.135. You may need to include a dependency on a specific version of the CDP using something similar to `org.seleniumhq.selenium:selenium-devtools-v86:4.18.1` where the version ("v86") matches the version of the chromium-based browser you're using and the version number of the artifact is the same as Selenium's.
]]></system-err>
  </testcase>
</testsuite>