<?xml version="1.0" encoding="UTF-8"?>
<testsuite xmlns:xsi="http://www.w3.org/2001/XMLSchema-instance" xsi:noNamespaceSchemaLocation="https://maven.apache.org/surefire/maven-surefire-plugin/xsd/surefire-test-report-3.0.xsd" version="3.0" name="TestSuite" time="162.867" tests="3" errors="0" skipped="0" failures="0">
  <properties>
[...]
</properties>
  <testcase name="testCompleteSearchFlowInOneSession" classname="com.hamrobazaar.tests.SearchResultsTest" time="60.845">
    <system-out><![CDATA[[15:09:07] [INFO ] ExtentReportListener - ========================================
[15:09:07] [INFO ] ExtentReportListener - Test Suite Started: Monitor Search Test
[15:09:07] [INFO ] ExtentReportListener - ========================================
[15:09:07] [INFO ] BaseTest - Setting up WebDriver for browser: chrome
[15:09:07] [INFO ] BaseTest - Initializing Chrome browser
[15:09:09] [INFO ] DriverManager - WebDriver instance set for thread: 1
[15:09:09] [INFO ] BaseTest - Browser window maximized
[15:09:09] [INFO ] BaseTest - All cookies deleted
[15:09:09] [INFO ] BaseTest - WebDriver setup completed successfully
[15:09:09] [INFO ] ExtentReportListener - Test Started: testCompleteSearchFlowInOneSession
[15:09:09] [INFO ] BaseTest - Starting Complete End-to-End Test (Single Session)
[15:09:09] [INFO ] CSVReaderUtil - CSV Headers: ï»¿Test name , Search keyword, Location and distance , Distance from location, Quality, Pricing from, Pricing to, Negotiable , Sort Order
[15:09:09] [INFO ] CSVReaderUtil - Successfully read 3 rows from CSV: src/test/resources/testdata/testdata.csv
[15:09:09] [INFO ] BaseTest - Test Data - Keyword: monitor, Location: Naya Sadak, New Road, Kathmandu-22, Kathmandu, Distance: 10km
[15:09:09] [INFO ] BaseTest - Navigating to URL: https://hamrobazaar.com/
[15:09:11] [INFO ] BaseTest - Successfully navigated to: https://hamrobazaar.com/
[15:09:11] [INFO ] HomePage - HomePage initialized
[15:09:11] [INFO ] HomePage - Searching for product: monitor
[15:09:12] [INFO ] HomePage - Searched for: monitor
[15:09:12] [INFO ] HomePage - Setting location: Naya Sadak, New Road, Kathmandu-22, Kathmandu
[15:09:12] [INFO ] HomePage - Found location input using name attribute
[15:09:12] [INFO ] BasePage - Scrolled to and highlighted element
[15:09:12] [INFO ] BasePage - Clicked on element
[15:09:13] [INFO ] HomePage - Typed location: Naya Sadak, New Road, Kathmandu-22, Kathmandu
[15:09:13] [INFO ] HomePage - Selecting suggestion for: Naya Sadak, New Road, Kathmandu-22, Kathmandu
[15:09:13] [INFO ] HomePage - Found suggestion using dynamic location locator
[15:09:13] [INFO ] BasePage - Scrolled to and highlighted element
[15:09:13] [INFO ] BasePage - Clicked on element
[15:09:13] [INFO ] HomePage - Clicked suggestion: Naya Sadak, New Road, Kathmandu-22, Kathmandu
[15:09:13] [INFO ] HomePage - Scrolling to distance section
[15:09:13] [INFO ] BasePage - Scrolled to page bottom
[15:09:13] [INFO ] HomePage - Scrolled to distance section
[15:09:13] [INFO ] HomePage - Setting distance: 10km
[15:09:13] [INFO ] HomePage - Found distance button using aria-label: 10km
[15:09:14] [INFO ] BasePage - Scrolled to and highlighted element
[15:09:14] [INFO ] BasePage - Clicked on element
[15:09:14] [INFO ] HomePage - Clicked distance button: 10km
[15:09:14] [INFO ] HomePage - Clicking Apply Filters button
[15:09:14] [INFO ] HomePage - Found Apply Filters button using text
[15:09:14] [INFO ] BasePage - Scrolled to and highlighted element
[15:09:14] [INFO ] BasePage - Clicked on element
[15:09:14] [INFO ] HomePage - Clicked Apply Filters
[15:09:14] [INFO ] SearchResultsPage - SearchResultsPage initialized
[15:09:14] [INFO ] SearchResultsPage - Applying Low to High sort
[15:09:14] [INFO ] SearchResultsPage - Clicking sort dropdown button
[15:09:25] [INFO ] SearchResultsPage - Found sort button using aria-label
[15:09:25] [INFO ] BasePage - Scrolled to and highlighted element
[15:09:25] [INFO ] BasePage - Clicked on element
[15:09:25] [INFO ] SearchResultsPage - Sort dropdown opened
[15:09:25] [INFO ] SearchResultsPage - Clicking Low to High option
[15:09:35] [INFO ] BasePage - Scrolled to and highlighted element
[15:09:35] [INFO ] BasePage - Clicked on element
[15:09:45] [INFO ] SearchResultsPage - Sorted by Low to High
[15:09:45] [INFO ] SearchResultsPage - Applied Low to High sort
[15:09:45] [INFO ] SearchResultsPage - PRICE SORT VERIFICATION STARTED
[15:09:45] [INFO ] SearchResultsPage - Step 1: Found 13 price elements on page
[15:09:45] [INFO ] SearchResultsPage - Step 1 Complete: Extracted 13 valid prices
[15:09:45] [INFO ] SearchResultsPage - Step 2 Complete: Copied 13 prices to sortedPrices
[15:09:45] [INFO ] SearchResultsPage - Step 3 Complete: Sorted copy in ascending order
[15:09:45] [INFO ] SearchResultsPage - Step 4: Comparing originalPrices vs sortedPrices
[15:09:45] [INFO ] SearchResultsPage - Index    | Original        | Expected(Sorted)  
[15:09:45] [INFO ] SearchResultsPage - ---------------------------------------------
[15:09:45] [INFO ] SearchResultsPage - 1        | Rs 1.0          | Rs 1.0             MATCH
[15:09:45] [INFO ] SearchResultsPage - 2        | Rs 87.0         | Rs 87.0            MATCH
[15:09:45] [INFO ] SearchResultsPage - 3        | Rs 199.0        | Rs 199.0           MATCH
[15:09:45] [INFO ] SearchResultsPage - 4        | Rs 339.0        | Rs 339.0           MATCH
[15:09:45] [INFO ] SearchResultsPage - 5        | Rs 500.0        | Rs 500.0           MATCH
[15:09:45] [INFO ] SearchResultsPage - 6        | Rs 500.0        | Rs 500.0           MATCH
[15:09:45] [INFO ] SearchResultsPage - 7        | Rs 600.0        | Rs 600.0           MATCH
[15:09:45] [INFO ] SearchResultsPage - 8        | Rs 799.0        | Rs 799.0           MATCH
[15:09:45] [INFO ] SearchResultsPage - 9        | Rs 799.0        | Rs 799.0           MATCH
[15:09:45] [INFO ] SearchResultsPage - 10       | Rs 799.0        | Rs 799.0           MATCH
[15:09:45] [INFO ] SearchResultsPage - 11       | Rs 799.0        | Rs 799.0           MATCH
[15:09:45] [INFO ] SearchResultsPage - 12       | Rs 800.0        | Rs 800.0           MATCH
[15:09:45] [INFO ] SearchResultsPage - 13       | Rs 999.0        | Rs 999.0           MATCH
[15:09:45] [INFO ] SearchResultsPage -  VERIFICATION PASSED - Prices ARE sorted Low to High
[15:09:45] [INFO ] BaseTest - Price sort verified: PASSED
[15:09:45] [INFO ] SearchResultsPage - Extracting up to 50 products using virtual scroll
[15:09:45] [INFO ] SearchResultsPage - Starting virtual scroll extraction for 50 products
[15:09:45] [INFO ] SearchResultsPage - Scroll 1: 13 visible cards, 0 extracted so far
[15:09:45] [INFO ] SearchResultsPage - Extracted [1/50] index=0: Yamaha HS3 Powered Studio Monitor in Black, Pair (
[15:09:45] [INFO ] SearchResultsPage - Extracted [2/50] index=1: ASUS TUF GAMING MONITOR
[15:09:45] [INFO ] SearchResultsPage - Extracted [3/50] index=2: 12V 1A adapter/charger for router, LCD monitor
[15:09:46] [INFO ] SearchResultsPage - Extracted [4/50] index=3: 12V 1A Adapter/ Charger AC/DC, SMPS for PC,monitor
[15:09:46] [INFO ] SearchResultsPage - Extracted [5/50] index=4: DAHUA Monitor stand-LM22-H200
[15:09:46] [INFO ] SearchResultsPage - Extracted [6/50] index=5: RENT 7" 4K HDMI/SDI Field/Director Monitor @ 500
[15:09:46] [INFO ] SearchResultsPage - Extracted [7/50] index=6: Hot Shoe Mount Adapter For Camera Monitor
[15:09:46] [INFO ] SearchResultsPage - Extracted [8/50] index=7: SMART HEALTH BRACELET WITH HEART RATE MONITOR
[15:09:46] [INFO ] SearchResultsPage - Extracted [9/50] index=8: VGA MONITOR Y SPLITTER, 1 FOOT
[15:09:46] [INFO ] SearchResultsPage - Extracted [10/50] index=9: VGA Monitor Y Splitter, 1 Foot
[15:09:46] [INFO ] SearchResultsPage - Extracted [11/50] index=10: VGA MONITOR Y SPLITTER, 1 FOOT
[15:09:46] [INFO ] SearchResultsPage - Extracted [12/50] index=11: VGA Monitor Y Splitter, 1 Foot
[15:09:46] [INFO ] SearchResultsPage - Extracted [13/50] index=12: Swivel and Tilt Monitor Mount Mic Flash etc
[15:09:46] [INFO ] BasePage - Scrolled to page bottom
[15:09:57] [INFO ] SearchResultsPage - Scroll 2: 24 visible cards, 13 extracted so far
[15:09:57] [INFO ] SearchResultsPage - Extracted [14/50] index=15: Mini DisplayPort to VGA Monitor Adapter
[15:09:57] [INFO ] SearchResultsPage - Extracted [15/50] index=16: Battery Capacity Monitor 10-48V Battery Meter 12V
[15:09:57] [INFO ] SearchResultsPage - Extracted [16/50] index=17: Gluco One Blood Glucose Monitoring System
[15:09:57] [INFO ] SearchResultsPage - Extracted [17/50] index=18: KZ EDC PRO Detachable In Ear Monitors IEM
[15:09:57] [INFO ] SearchResultsPage - Extracted [18/50] index=19: Desk Mount Bracket for 55" Monitor HB-5055-H
[15:09:57] [INFO ] SearchResultsPage - Extracted [19/50] index=20: 17" hp monitor
[15:09:57] [INFO ] SearchResultsPage - Extracted [20/50] index=21: TV / Computer Monitor Stand
[15:09:57] [INFO ] SearchResultsPage - Extracted [21/50] index=22: 22 inch dell monitor display change garnu parxa
[15:09:57] [INFO ] SearchResultsPage - Extracted [22/50] index=23: Samsung CRD monitor fresh condition
[15:09:57] [INFO ] SearchResultsPage - Extracted [23/50] index=24: Mini DisplayPort to VGA Monitor Adapter
[15:09:57] [INFO ] SearchResultsPage - Extracted [24/50] index=25: Teckin Smart WiFi 16A SA Plug With Energy Monitor
[15:09:58] [INFO ] SearchResultsPage - Extracted [25/50] index=26: Mini DisplayPort to VGA Monitor Adapter
[15:09:58] [INFO ] SearchResultsPage - Extracted [26/50] index=27: Mini DisplayPort to VGA Monitor Adapter
[15:09:58] [INFO ] SearchResultsPage - Extracted [27/50] index=28: Gluco One Blood Glucose Monitoring System
[15:09:58] [INFO ] SearchResultsPage - Extracted [28/50] index=29: 15" led Monitor
[15:09:58] [INFO ] SearchResultsPage - Extracted [29/50] index=30: VGA 15 Pin (3C+6) Monitor Cable 10Meter to 30Meter
[15:09:58] [INFO ] SearchResultsPage - Extracted [30/50] index=31: 15 17 19 inch Dell ,Hp , Acer branded LCD monitor
[15:09:58] [INFO ] SearchResultsPage - Extracted [31/50] index=32: Monitor
[15:09:58] [INFO ] SearchResultsPage - Extracted [32/50] index=33: DisplayPort to HDTV Monitor Cable - 3Meter
[15:09:58] [INFO ] SearchResultsPage - Extracted [33/50] index=34: Rossmax Manual BP Monitor WIth Sthetescope
[15:09:58] [INFO ] SearchResultsPage - Extracted [34/50] index=35: Samsung led monitor 19"
[15:09:58] [INFO ] SearchResultsPage - Extracted [35/50] index=36: Monitor Light Bar: Enhance Productivity & Eye Comf
[15:09:59] [INFO ] SearchResultsPage - Extracted [36/50] index=37: T2 Pro Smart Watch Men Round Bluetooth Monitoring
[15:09:59] [INFO ] SearchResultsPage - Extracted [37/50] index=38: Colour Calibrator service for Display Monitor
[15:09:59] [INFO ] BasePage - Scrolled to page bottom
[15:10:09] [INFO ] SearchResultsPage - Scroll 3: 24 visible cards, 37 extracted so far
[15:10:09] [INFO ] SearchResultsPage - Extracted [38/50] index=42: ??????? ?????? ???????? ? monitor sell 17 inch
[15:10:09] [INFO ] SearchResultsPage - Extracted [39/50] index=43: Arm type fully Automatic Blood Pressure Monitor
[15:10:09] [INFO ] SearchResultsPage - Extracted [40/50] index=44: Blood Pressure Monitoring YE610D
[15:10:09] [INFO ] SearchResultsPage - Extracted [41/50] index=45: EDX Pro X in Ear Monitor Headphones
[15:10:09] [INFO ] SearchResultsPage - Extracted [42/50] index=46: HF1976 Blood Pressure Monitor with Digital Monito
[15:10:09] [INFO ] SearchResultsPage - Extracted [43/50] index=47: Digital Blood Pressure Monitor
[15:10:09] [INFO ] SearchResultsPage - Extracted [44/50] index=48: DIRECTOR MONITOR. Available for rent
[15:10:09] [INFO ] SearchResultsPage - Extracted [45/50] index=49: Wooden Monitor Stand
[15:10:10] [INFO ] SearchResultsPage - Extracted [46/50] index=50: samsung lcd monitor (VGA) port
[15:10:10] [INFO ] SearchResultsPage - Extracted [47/50] index=51: BenQ G615HDPL 15.6W" LED Monitor
[15:10:10] [INFO ] SearchResultsPage - Extracted [48/50] index=52: MONITOR STAND - WALL MOUNT HB-4032-E
[15:10:10] [INFO ] SearchResultsPage - Extracted [49/50] index=53: Dr Seibert blood pressure monitor/machine/BP set
[15:10:10] [INFO ] SearchResultsPage - Extracted [50/50] index=54: Double Clamp Mount Bracket Monitor Magic Socket Ar
[15:10:10] [INFO ] SearchResultsPage - Reached target of 50 products!
[15:10:10] [INFO ] SearchResultsPage - Virtual scroll complete: extracted 50 products in 2 scrolls
[15:10:10] [INFO ] BaseTest - Successfully extracted 50 products
[15:10:10] [INFO ] BaseTest - Writing 50 products to CSV: test-output/Search_Result_2026-02-17_15-09-07.csv
[15:10:10] [INFO ] BaseTest - CSV saved: C:\Users\I1002567\eclipse-workspace\HamroBazaarAutomation\test-output\Search_Result_2026-02-17_15-09-07.csv

CSV FILE SAVED: C:\Users\I1002567\eclipse-workspace\HamroBazaarAutomation\test-output\Search_Result_2026-02-17_15-09-07.csv

================================================================================================================================================================
SEARCH RESULTS - TOP 50 PRODUCTS (Sorted Low to High Price)
================================================================================================================================================================
SN   | No.  | Title                                    | Price           | Condition    | Posted Date     | Seller                   
----------------------------------------------------------------------------------------------------------------------------------------------------------------
1    | 1    | Yamaha HS3 Powered Studio Monitor in ... | 1               | Brand New    | 1 years ago     | Nepal Music Gallery      
2    | 2    | ASUS TUF GAMING MONITOR                  | 87              | Brand New    | 9 months ago    | pulse laptop care        
3    | 3    | 12V 1A adapter/charger for router, LC... | 199             | Brand New    | 3 years ago     | Ayush Poudel             
4    | 4    | 12V 1A Adapter/ Charger AC/DC, SMPS f... | 339             | Brand New    | 1 years ago     | e-Smart Technology       
5    | 5    | DAHUA Monitor stand-LM22-H200            | 500             | Like New     | 10 months ago   | Ashil Neupane            
6    | 6    | RENT 7" 4K HDMI/SDI Field/Director Mo... | 500             | Like New     | 1 years ago     | Kimbu Rental             
7    | 7    | Hot Shoe Mount Adapter For Camera Mon... | 600             | Brand New    | 2 years ago     | KM Store                 
8    | 8    | SMART HEALTH BRACELET WITH HEART RATE... | 799             | Brand New    | 4 years ago     | Cost2Cost Nepal          
9    | 9    | VGA MONITOR Y SPLITTER, 1 FOOT           | 799             | Brand New    | 3 years ago     | Gadget House Nepal       
10   | 10   | VGA Monitor Y Splitter, 1 Foot           | 799             | Brand New    | 2 years ago     | Best Deals               
11   | 11   | VGA MONITOR Y SPLITTER, 1 FOOT           | 799             | Brand New    | 4 years ago     | Cost2Cost Nepal          
12   | 12   | VGA Monitor Y Splitter, 1 Foot           | 800             | Brand New    | 2 years ago     | Birendra Shrestha        
13   | 13   | Swivel and Tilt Monitor Mount Mic Fla... | 999             | Brand New    | 3 years ago     | Bits & Bobs              
14   | 14   | Mini DisplayPort to VGA Monitor Adapter  | 1,050           | Brand New    | 4 years ago     | Tech Store               
15   | 15   | Battery Capacity Monitor 10-48V Batte... | 1,099           | Brand New    | 1 years ago     | sajilo cart nepal        
16   | 16   | Gluco One Blood Glucose Monitoring Sy... | 1,100           | Brand New    | 3 months ago    | Archana Surgical Suppl...
17   | 17   | KZ EDC PRO Detachable In Ear Monitors... | 1,200           | Brand New    | 3 days ago      | sastogadgets.com         
18   | 18   | Desk Mount Bracket for 55" Monitor HB... | 1,250           | Brand New    | 2 years ago     | Rhythm Kala Suppliers ...
19   | 19   | 17" hp monitor                           | 1,499           | Used         | 2 months ago    | Laptop & Computer Store  
20   | 20   | TV / Computer Monitor Stand              | 1,499           | Brand New    | 4 days ago      | AK Sharma                
21   | 21   | 22 inch dell monitor display change g... | 1,500           | Used         | 9 months ago    | Sunil rai                
22   | 22   | Samsung CRD monitor fresh condition      | 1,500           | Used         | 3 years ago     | itsme.com                
23   | 23   | Mini DisplayPort to VGA Monitor Adapter  | 1,500           | Brand New    | 12 months ago   | A2z it Care              
24   | 24   | Teckin Smart WiFi 16A SA Plug With En... | 1,550           | Brand New    | 2 years ago     | ONLINE EXPRESS           
25   | 25   | Mini DisplayPort to VGA Monitor Adapter  | 1,550           | Brand New    | 1 years ago     | Kante Technology pvt.ltd 
26   | 26   | Mini DisplayPort to VGA Monitor Adapter  | 1,550           | Brand New    | 1 years ago     | Kante Technology pvt.ltd 
27   | 27   | Gluco One Blood Glucose Monitoring Sy... | 1,560           | Brand New    | 4 weeks ago     | Promed Surgical & Medi...
28   | 28   | 15" led Monitor                          | 1,600           | Used         | 2 hours ago     | Laptop & Computer Store  
29   | 29   | VGA 15 Pin (3C+6) Monitor Cable 10Met... | 1,699           | Brand New    | 2 years ago     | PCmag                    
30   | 30   | 15 17 19 inch Dell ,Hp , Acer branded... | 1,700           | Like New     | 8 months ago    | Shreyan Office System ...
31   | 31   | Monitor                                  | 1,700           | Used         | 2 weeks ago     | yognic shrestha          
32   | 32   | DisplayPort to HDTV Monitor Cable - 3... | 1,900           | Brand New    | 3 years ago     | AB Tech                  
33   | 33   | Rossmax Manual BP Monitor WIth Sthete... | 1,990           | Brand New    | 3 years ago     | Quality Shop             
34   | 34   | Samsung led monitor 19"                  | 1,999           | Like New     | 3 weeks ago     | On line                  
35   | 35   | Monitor Light Bar: Enhance Productivi... | 1,999           | Brand New    | 2 years ago     | Exort Tech               
36   | 36   | T2 Pro Smart Watch Men Round Bluetoot... | 1,999           | Not Working  | 1 years ago     | The Seraphic             
37   | 37   | Colour Calibrator service for Display... | 2,000           | Brand New    | 3 years ago     | Dakshya Artistry         
38   | 38   | सस्तोमा मोनिटर बिक्रीमा छ monitor sel... | 2,000           | Like New     | 2 weeks ago     | Prem Kadayat             
39   | 39   | Arm type fully Automatic Blood Pressu... | 2,200           | Brand New    | 4 weeks ago     | Promed Surgical & Medi...
40   | 40   | Blood Pressure Monitoring YE610D         | 2,200           | Brand New    | 11 months ago   | Alinep Online Shopping   
41   | 41   | EDX Pro X in Ear Monitor Headphones      | 2,240           | Brand New    | 1 years ago     | Nepal Music Gallery      
42   | 42   | HF1976 Blood Pressure Monitor with Di... | 2,499           | Brand New    | 2 years ago     | Unique store             
43   | 43   | Digital Blood Pressure Monitor           | 2,499           | Brand New    | 2 years ago     | Unique store             
44   | 44   | DIRECTOR MONITOR. Available for rent     | 2,500           | Like New     | 2 years ago     | Film Crew Nepal          
45   | 45   | Wooden Monitor Stand                     | 2,500           | Brand New    | 3 weeks ago     | Trincula                 
46   | 46   | samsung lcd monitor (VGA) port           | 2,500           | Used         | 4 weeks ago     | sampi                    
47   | 47   | BenQ G615HDPL 15.6W" LED Monitor         | 2,500           | Like New     | 3 years ago     | Kathmandu Laptop Servi...
48   | 48   | MONITOR STAND - WALL MOUNT HB-4032-E     | 2,500           | Brand New    | 2 years ago     | Rhythm Kala Suppliers ...
49   | 49   | Dr Seibert blood pressure monitor/mac... | 2,650           | Brand New    | 3 years ago     | Home Health              
50   | 50   | Double Clamp Mount Bracket Monitor Ma... | 2,799           | Brand New    | 8 months ago    | Gadget Deals Nepal       
================================================================================================================================================================
Total Products : 50
CSV File       : test-output/Search_Result_2026-02-17_15-09-07.csv
================================================================================================================================================================

[15:10:10] [INFO ] BaseTest - Complete End-to-End Test PASSED
[15:10:10] [INFO ] ExtentReportListener - Test Passed: testCompleteSearchFlowInOneSession
]]></system-out>
    <system-err><![CDATA[SLF4J(W): No SLF4J providers were found.
SLF4J(W): Defaulting to no-operation (NOP) logger implementation
SLF4J(W): See https://www.slf4j.org/codes.html#noProviders for further details.
Feb 17, 2026 3:09:09 PM org.openqa.selenium.devtools.CdpVersionFinder findNearestMatch
WARNING: Unable to find CDP implementation matching 144
Feb 17, 2026 3:09:09 PM org.openqa.selenium.chromium.ChromiumDriver lambda$new$5
WARNING: Unable to find version of CDP to use for 144.0.7559.135. You may need to include a dependency on a specific version of the CDP using something similar to `org.seleniumhq.selenium:selenium-devtools-v86:4.18.1` where the version ("v86") matches the version of the chromium-based browser you're using and the version number of the artifact is the same as Selenium's.
]]></system-err>
  </testcase>
  <testcase name="testCarSearch" classname="com.hamrobazaar.tests.CarAndBookTest" time="40.122">
    <system-out><![CDATA[[15:10:10] [INFO ] BaseTest - Tearing down WebDriver
[15:10:10] [INFO ] DriverManager - WebDriver quit successfully for thread: 1
[15:10:10] [INFO ] BaseTest - WebDriver quit successfully
[15:10:10] [INFO ] ExtentReportListener - ========================================
[15:10:10] [INFO ] ExtentReportListener - Test Suite Finished: Monitor Search Test
[15:10:10] [INFO ] ExtentReportListener - ========================================
=== Flushing ExtentReport ===
✓ ExtentReport flushed successfully
Report should be at: reports/HamroBazaar_Report_2026-02-17_15-09-07.html
✓ Report file confirmed exists: C:\Users\I1002567\eclipse-workspace\HamroBazaarAutomation\reports\HamroBazaar_Report_2026-02-17_15-09-07.html
File size: 13129 bytes
[15:10:11] [INFO ] ExtentReportListener - ExtentReport generated at: reports/HamroBazaar_Report_2026-02-17_15-09-07.html

========================================
✓ EXTENT REPORT GENERATED
Location: reports/HamroBazaar_Report_2026-02-17_15-09-07.html
========================================

[15:10:11] [INFO ] ExtentReportListener - ========================================
[15:10:11] [INFO ] ExtentReportListener - Test Suite Started: Car and Book Search Tests
[15:10:11] [INFO ] ExtentReportListener - ========================================
[15:10:11] [INFO ] BaseTest - Setting up WebDriver for browser: chrome
[15:10:11] [INFO ] BaseTest - Initializing Chrome browser
[15:10:12] [INFO ] DriverManager - WebDriver instance set for thread: 1
[15:10:12] [INFO ] BaseTest - Browser window maximized
[15:10:12] [INFO ] BaseTest - All cookies deleted
[15:10:12] [INFO ] BaseTest - WebDriver setup completed successfully
[15:10:12] [INFO ] ExtentReportListener - Test Started: testCarSearch
[15:10:12] [INFO ] BaseTest - ========================================
[15:10:12] [INFO ] BaseTest - Starting Car Search Test
[15:10:12] [INFO ] BaseTest - ========================================
[15:10:12] [INFO ] CSVReaderUtil - CSV Headers: ï»¿Test name , Search keyword, Location and distance , Distance from location, Quality, Pricing from, Pricing to, Negotiable , Sort Order
[15:10:12] [INFO ] CSVReaderUtil - Successfully read 3 rows from CSV: src/test/resources/testdata/testdata.csv
[15:10:12] [INFO ] BaseTest - Car Test Data: keyword=Car, location=Labim Mall, Pulchowk, Lalitpur, Lalitpur-3, Lalitpur, distance=1km, condition=Used, price=100000-10000000, negotiable=Any, sort=High to Low (Price)
[15:10:12] [INFO ] BaseTest - Navigating to URL: https://hamrobazaar.com/
[15:10:16] [INFO ] BaseTest - Successfully navigated to: https://hamrobazaar.com/
[15:10:16] [INFO ] HomePage - HomePage initialized
[15:10:16] [INFO ] HomePage - Searching for product: Car
[15:10:16] [INFO ] HomePage - Searched for: Car
[15:10:16] [INFO ] HomePage - Setting location: Labim Mall, Pulchowk, Lalitpur, Lalitpur-3, Lalitpur
[15:10:16] [INFO ] HomePage - Found location input using name attribute
[15:10:16] [INFO ] BasePage - Scrolled to and highlighted element
[15:10:16] [INFO ] BasePage - Clicked on element
[15:10:17] [INFO ] HomePage - Typed location: Labim Mall, Pulchowk, Lalitpur, Lalitpur-3, Lalitpur
[15:10:17] [INFO ] HomePage - Selecting suggestion for: Labim Mall, Pulchowk, Lalitpur, Lalitpur-3, Lalitpur
[15:10:17] [INFO ] HomePage - Found suggestion using dynamic location locator
[15:10:17] [INFO ] BasePage - Scrolled to and highlighted element
[15:10:17] [INFO ] BasePage - Clicked on element
[15:10:17] [INFO ] HomePage - Clicked suggestion: Labim Mall, Pulchowk, Lalitpur, Lalitpur-3, Lalitpur
[15:10:17] [INFO ] HomePage - Scrolling to distance section
[15:10:17] [INFO ] BasePage - Scrolled to page bottom
[15:10:17] [INFO ] HomePage - Scrolled to distance section
[15:10:17] [INFO ] HomePage - Setting distance: 1km
[15:10:17] [INFO ] HomePage - Found distance button using aria-label: 1km
[15:10:17] [INFO ] BasePage - Scrolled to and highlighted element
[15:10:18] [ERROR] BasePage - Failed to click element: element click intercepted: Element <button type="button" data-state="off" role="radio" aria-checked="false" class="gap-2 rounded-md hover:bg-muted hover:text-muted-foreground focus-visible:outline-none focus-visible:ring-1 focus-visible:ring-ring disabled:pointer-events-none [&amp;_svg]:pointer-events-none [&amp;_svg]:size-4 [&amp;_svg]:shrink-0 bg-transparent h-9 min-w-9 relative flex w-full items-center justify-center font-medium select-none transition text-nowrap px-4 py-2 text-sm text-foreground before:pointer-events-none before:absolute before:top-1/2 before:-translate-y-1/2 before:right-0 before:h-4 before:w-px before:bg-border-dim-2 before:content-[''] last:before:hidden data-[state=on]:z-10 data-[state=on]:bg-transparent data-[state=on]:text-accent-surface data-[state=on]:border data-[state=on]:border-accent-surface data-[state=on]:rounded-lg disabled:opacity-60 disabled:cursor-not-allowed" aria-label="..." tabindex="-1" data-radix-collection-item="">1km</button> is not clickable at point (863, 17). Other element would receive the click: <div class="flex items-center justify-between gap-2 sm:gap-6 md:gap-6 py-2 sm:py-4 lg:py-6 xl:pr-4 xl:pl-0">...</div>
  (Session info: chrome=144.0.7559.135)
Build info: version: '4.18.1', revision: 'b1d3319b48'
System info: os.name: 'Windows 11', os.arch: 'amd64', os.version: '10.0', java.version: '11.0.22'
Driver info: org.openqa.selenium.chrome.ChromeDriver
Command: [479090c464ac5fba786952e3131d029e, clickElement {id=f.E09C54C30BA3769950C27023755347AB.d.E09353E39031FE896D5BFCBB51E5F6CF.e.30}]
Capabilities {acceptInsecureCerts: false, browserName: chrome, browserVersion: 144.0.7559.135, chrome: {chromedriverVersion: 144.0.7559.133 (7da823b1d59..., userDataDir: C:\Users\I1002567\AppData\L...}, fedcm:accounts: true, goog:chromeOptions: {debuggerAddress: localhost:53287}, goog:processID: 6620, networkConnectionEnabled: false, pageLoadStrategy: normal, platformName: windows, proxy: Proxy(), se:cdp: ws://localhost:53287/devtoo..., se:cdpVersion: 144.0.7559.135, setWindowRect: true, strictFileInteractability: false, timeouts: {implicit: 0, pageLoad: 300000, script: 30000}, unhandledPromptBehavior: dismiss and notify, webauthn:extension:credBlob: true, webauthn:extension:largeBlob: true, webauthn:extension:minPinLength: true, webauthn:extension:prf: true, webauthn:virtualAuthenticators: true}
Element: [[ChromeDriver: chrome on windows (479090c464ac5fba786952e3131d029e)] -> css selector: button[role='radio'][aria-label='1km']]
Session ID: 479090c464ac5fba786952e3131d029e
[15:10:18] [INFO ] BasePage - Clicked element using JavaScript
[15:10:18] [INFO ] HomePage - Clicked distance button using JS: 1km
[15:10:18] [INFO ] FilterPage - FilterPage initialized
[15:10:18] [INFO ] FilterPage - Setting condition: Used
[15:10:19] [INFO ] BasePage - Scrolled to and highlighted element
[15:10:19] [INFO ] BasePage - Clicked element using JavaScript
[15:10:19] [INFO ] FilterPage - Clicked condition input using JS
[15:10:19] [INFO ] FilterPage - Typed condition: Used
[15:10:19] [INFO ] FilterPage - Found 1 condition suggestions
[15:10:19] [INFO ] BasePage - Scrolled to and highlighted element
[15:10:19] [INFO ] BasePage - Clicked element using JavaScript
[15:10:19] [INFO ] FilterPage - Selected condition: Used
[15:10:19] [INFO ] FilterPage - Setting price range: 100000 to 10000000
[15:10:19] [INFO ] BasePage - Scrolled to and highlighted element
[15:10:19] [INFO ] FilterPage - Set price from: 100000
[15:10:19] [INFO ] BasePage - Scrolled to and highlighted element
[15:10:19] [INFO ] FilterPage - Set price to: 10000000
[15:10:19] [INFO ] FilterPage - Setting negotiable: Any
[15:10:19] [INFO ] BasePage - Scrolled to and highlighted element
[15:10:19] [INFO ] BasePage - Clicked on element
[15:10:19] [INFO ] FilterPage - Set negotiable to: Any
[15:10:19] [INFO ] FilterPage - Clicking Apply Filters button
[15:10:19] [INFO ] FilterPage - Found Apply button using text
[15:10:19] [INFO ] BasePage - Scrolled to and highlighted element
[15:10:19] [INFO ] BasePage - Clicked on element
[15:10:19] [INFO ] FilterPage - Applied filters
[15:10:19] [INFO ] FilterPage - Applying sort order: High to Low (Price)
[15:10:21] [INFO ] FilterPage - Found sort dropdown using aria-label
[15:10:21] [INFO ] BasePage - Scrolled to and highlighted element
[15:10:22] [INFO ] BasePage - Clicked on element
[15:10:22] [INFO ] FilterPage - Opened sort dropdown
[15:10:22] [INFO ] BasePage - Scrolled to and highlighted element
[15:10:22] [INFO ] BasePage - Clicked on element
[15:10:22] [INFO ] FilterPage - Selected: High to Low (Price)
[15:10:22] [INFO ] SearchResultsPage - SearchResultsPage initialized
[15:10:22] [INFO ] FilterPage - ========================================
[15:10:22] [INFO ] FilterPage - PRICE SORT VERIFICATION: HIGH TO LOW
[15:10:22] [INFO ] FilterPage - ========================================
[15:10:22] [INFO ] FilterPage - Found 3 price elements
[15:10:22] [INFO ] FilterPage - Index    | Original        | Expected(Desc)    
[15:10:22] [INFO ] FilterPage - ---------------------------------------------
[15:10:22] [INFO ] FilterPage - 1        | Rs 6500000.0    | Rs 6500000.0       ?
[15:10:22] [INFO ] FilterPage - 2        | Rs 1550000.0    | Rs 1550000.0       ?
[15:10:22] [INFO ] FilterPage - ========================================
[15:10:22] [INFO ] FilterPage - ? PASSED - High to Low
[15:10:22] [INFO ] FilterPage - ========================================
[15:10:22] [INFO ] SearchResultsPage - Extracting up to 50 products using virtual scroll
[15:10:22] [INFO ] SearchResultsPage - Starting virtual scroll extraction for 50 products
[15:10:22] [INFO ] SearchResultsPage - Scroll 1: 3 visible cards, 0 extracted so far
[15:10:22] [INFO ] SearchResultsPage - Extracted [1/50] index=0: 80% finance bhako car needed
[15:10:22] [INFO ] SearchResultsPage - Extracted [2/50] index=1: Honda city sedan car
[15:10:22] [INFO ] BasePage - Scrolled to page bottom
[15:10:32] [INFO ] SearchResultsPage - Scroll 2: 2 visible cards, 2 extracted so far
[15:10:32] [INFO ] SearchResultsPage - No new products this scroll (1/3 attempts)
[15:10:32] [INFO ] BasePage - Scrolled to page bottom
[15:10:42] [INFO ] SearchResultsPage - Scroll 3: 2 visible cards, 2 extracted so far
[15:10:42] [INFO ] SearchResultsPage - No new products this scroll (2/3 attempts)
[15:10:42] [INFO ] BasePage - Scrolled to page bottom
[15:10:52] [INFO ] SearchResultsPage - Scroll 4: 2 visible cards, 2 extracted so far
[15:10:52] [INFO ] SearchResultsPage - No new products this scroll (3/3 attempts)
[15:10:52] [INFO ] SearchResultsPage - No more new products after 3 attempts, stopping
[15:10:52] [INFO ] SearchResultsPage - Virtual scroll complete: extracted 2 products in 3 scrolls
[15:10:52] [INFO ] BaseTest - CSV saved: C:\Users\I1002567\eclipse-workspace\HamroBazaarAutomation\test-output\Car_Results_2026-02-17_15-09-07.csv

CSV FILE SAVED: C:\Users\I1002567\eclipse-workspace\HamroBazaarAutomation\test-output\Car_Results_2026-02-17_15-09-07.csv

================================================================================================================================================================
RESULTS FOR: CAR  |  Sort: High to Low (Price)  |  Total: 2
================================================================================================================================================================
SN   | Title                                    | Price           | Condition    | Posted Date     | Seller                   
----------------------------------------------------------------------------------------------------------------------------------------------------------------
1    | 80% finance bhako car needed             | 65,00,000       | Used         | 6 months ago    | Base wireless            
2    | Honda city sedan car                     | N/A             | N/A          | N/A             | N/A                      
================================================================================================================================================================

[15:10:52] [INFO ] BaseTest - Car Search Test PASSED
[15:10:52] [INFO ] ExtentReportListener - Test Passed: testCarSearch
]]></system-out>
    <system-err><![CDATA[Feb 17, 2026 3:10:12 PM org.openqa.selenium.devtools.CdpVersionFinder findNearestMatch
WARNING: Unable to find CDP implementation matching 144
Feb 17, 2026 3:10:12 PM org.openqa.selenium.chromium.ChromiumDriver lambda$new$5
WARNING: Unable to find version of CDP to use for 144.0.7559.135. You may need to include a dependency on a specific version of the CDP using something similar to `org.seleniumhq.selenium:selenium-devtools-v86:4.18.1` where the version ("v86") matches the version of the chromium-based browser you're using and the version number of the artifact is the same as Selenium's.
]]></system-err>
  </testcase>
  <testcase name="testBookSearch" classname="com.hamrobazaar.tests.CarAndBookTest" time="53.893">
    <system-out><![CDATA[[15:10:52] [INFO ] BaseTest - Tearing down WebDriver
[15:10:53] [INFO ] DriverManager - WebDriver quit successfully for thread: 1
[15:10:53] [INFO ] BaseTest - WebDriver quit successfully
[15:10:53] [INFO ] BaseTest - Setting up WebDriver for browser: chrome
[15:10:53] [INFO ] BaseTest - Initializing Chrome browser
[15:10:54] [INFO ] DriverManager - WebDriver instance set for thread: 1
[15:10:54] [INFO ] BaseTest - Browser window maximized
[15:10:54] [INFO ] BaseTest - All cookies deleted
[15:10:54] [INFO ] BaseTest - WebDriver setup completed successfully
[15:10:54] [INFO ] ExtentReportListener - Test Started: testBookSearch
[15:10:54] [INFO ] BaseTest - ========================================
[15:10:54] [INFO ] BaseTest - Starting Book Search Test
[15:10:54] [INFO ] BaseTest - ========================================
[15:10:54] [INFO ] CSVReaderUtil - CSV Headers: ï»¿Test name , Search keyword, Location and distance , Distance from location, Quality, Pricing from, Pricing to, Negotiable , Sort Order
[15:10:54] [INFO ] CSVReaderUtil - Successfully read 3 rows from CSV: src/test/resources/testdata/testdata.csv
[15:10:54] [INFO ] BaseTest - Book Test Data: keyword=book, location=Labim Mall, Pulchowk, Lalitpur, Lalitpur-3, Lalitpur, distance=1km, condition=Brand New, price=100-1500, negotiable=Any, sort=A to Z
[15:10:54] [INFO ] BaseTest - Navigating to URL: https://hamrobazaar.com/
[15:11:00] [INFO ] BaseTest - Successfully navigated to: https://hamrobazaar.com/
[15:11:00] [INFO ] HomePage - HomePage initialized
[15:11:00] [INFO ] HomePage - Searching for product: book
[15:11:00] [INFO ] HomePage - Searched for: book
[15:11:00] [INFO ] HomePage - Setting location: Labim Mall, Pulchowk, Lalitpur, Lalitpur-3, Lalitpur
[15:11:01] [INFO ] HomePage - Found location input using name attribute
[15:11:01] [INFO ] BasePage - Scrolled to and highlighted element
[15:11:02] [ERROR] BasePage - Failed to click element: element click intercepted: Element <input id="_r_s_-form-item" class="peer block w-full bg-transparent outline-none border-0 focus:placeholder:text-on-surface-dim-2 text-on-surface-sharp caret-accent-surface disabled:cursor-not-allowed paragraph-primary-regular placeholder:form-placeholder py-0.5 placeholder:text-transparent pt-3 pr-10 truncate text-base" placeholder=" " autocomplete="off" autocorrect="off" autocapitalize="none" spellcheck="false" role="combobox" aria-expanded="false" aria-controls="_r_t_-listbox" aria-autocomplete="list" aria-describedby="_r_s_-form-item-description" aria-invalid="false" value="" name="location"> is not clickable at point (954, 567). Other element would receive the click: <button class="inline-flex py-0 items-center text-nowrap justify-center font-medium transition-colors focus-visible:outline-nonedisabled:cursor-not-allowed disabled:opacity-50 [&amp;_svg]:shrink-0 [&amp;_svg]:h-6 [&amp;_svg]:w-6 h-9 px-2 gap-2 button-secondary min-w-[70px] rounded-lg bg-primary-surface text-primary-on-surface hover:bg-primary-hover-surface hover:text-primary-hover-on-surface active:bg-primary-active-surface active:text-primary-active-on-surface w-full" type="submit" disabled="">...</button>
  (Session info: chrome=144.0.7559.135)
Build info: version: '4.18.1', revision: 'b1d3319b48'
System info: os.name: 'Windows 11', os.arch: 'amd64', os.version: '10.0', java.version: '11.0.22'
Driver info: org.openqa.selenium.chrome.ChromeDriver
Command: [2ebdb6d67f76c1830411dd4eab7d92aa, clickElement {id=f.A812A88982142F8F8AD349375465E85F.d.1F8BC08B801186B34B5D319C987A5F8D.e.14}]
Capabilities {acceptInsecureCerts: false, browserName: chrome, browserVersion: 144.0.7559.135, chrome: {chromedriverVersion: 144.0.7559.133 (7da823b1d59..., userDataDir: C:\Users\I1002567\AppData\L...}, fedcm:accounts: true, goog:chromeOptions: {debuggerAddress: localhost:50329}, goog:processID: 23568, networkConnectionEnabled: false, pageLoadStrategy: normal, platformName: windows, proxy: Proxy(), se:cdp: ws://localhost:50329/devtoo..., se:cdpVersion: 144.0.7559.135, setWindowRect: true, strictFileInteractability: false, timeouts: {implicit: 0, pageLoad: 300000, script: 30000}, unhandledPromptBehavior: dismiss and notify, webauthn:extension:credBlob: true, webauthn:extension:largeBlob: true, webauthn:extension:minPinLength: true, webauthn:extension:prf: true, webauthn:virtualAuthenticators: true}
Element: [[ChromeDriver: chrome on windows (2ebdb6d67f76c1830411dd4eab7d92aa)] -> name: location]
Session ID: 2ebdb6d67f76c1830411dd4eab7d92aa
[15:11:02] [INFO ] BasePage - Clicked element using JavaScript
[15:11:02] [INFO ] HomePage - Typed location: Labim Mall, Pulchowk, Lalitpur, Lalitpur-3, Lalitpur
[15:11:02] [INFO ] HomePage - Selecting suggestion for: Labim Mall, Pulchowk, Lalitpur, Lalitpur-3, Lalitpur
[15:11:02] [INFO ] HomePage - Found suggestion using dynamic location locator
[15:11:02] [INFO ] BasePage - Scrolled to and highlighted element
[15:11:03] [INFO ] BasePage - Clicked on element
[15:11:03] [INFO ] HomePage - Clicked suggestion: Labim Mall, Pulchowk, Lalitpur, Lalitpur-3, Lalitpur
[15:11:03] [INFO ] HomePage - Scrolling to distance section
[15:11:03] [INFO ] BasePage - Scrolled to page bottom
[15:11:03] [INFO ] HomePage - Scrolled to distance section
[15:11:03] [INFO ] HomePage - Setting distance: 1km
[15:11:03] [INFO ] HomePage - Found distance button using aria-label: 1km
[15:11:03] [INFO ] BasePage - Scrolled to and highlighted element
[15:11:04] [ERROR] BasePage - Failed to click element: element click intercepted: Element <button type="button" data-state="off" role="radio" aria-checked="false" class="gap-2 rounded-md hover:bg-muted hover:text-muted-foreground focus-visible:outline-none focus-visible:ring-1 focus-visible:ring-ring disabled:pointer-events-none [&amp;_svg]:pointer-events-none [&amp;_svg]:size-4 [&amp;_svg]:shrink-0 bg-transparent h-9 min-w-9 relative flex w-full items-center justify-center font-medium select-none transition text-nowrap px-4 py-2 text-sm text-foreground before:pointer-events-none before:absolute before:top-1/2 before:-translate-y-1/2 before:right-0 before:h-4 before:w-px before:bg-border-dim-2 before:content-[''] last:before:hidden data-[state=on]:z-10 data-[state=on]:bg-transparent data-[state=on]:text-accent-surface data-[state=on]:border data-[state=on]:border-accent-surface data-[state=on]:rounded-lg disabled:opacity-60 disabled:cursor-not-allowed" aria-label="..." tabindex="-1" data-radix-collection-item="">1km</button> is not clickable at point (863, 117). Other element would receive the click: <a class="inline-flex px-3 py-0 items-center text-nowrap justify-center gap-3 font-medium rounded-lg transition-colors focus-visible:outline-nonedisabled:cursor-not-allowed disabled:opacity-50 [&amp;_svg]:shrink-0 [&amp;_svg]:h-6 [&amp;_svg]:w-6 h-9 px-2 gap-2 button-secondary min-w-[70px] bg-transparent border rounded-lg border-muted-border text-muted-on-surface-inverse hover:bg-muted-hover-surface-inverse hover:border-muted-hover-border hover:text-muted-hover-on-surface-inverse active:bg-muted-active-surface-inverse active:border-muted-active-border active:text-muted-active-on-surface-inverse shrink-0" href="/category/EFCFA464-D829-41F9-A3BD-6BA522EEC92E">...</a>
  (Session info: chrome=144.0.7559.135)
Build info: version: '4.18.1', revision: 'b1d3319b48'
System info: os.name: 'Windows 11', os.arch: 'amd64', os.version: '10.0', java.version: '11.0.22'
Driver info: org.openqa.selenium.chrome.ChromeDriver
Command: [2ebdb6d67f76c1830411dd4eab7d92aa, clickElement {id=f.A812A88982142F8F8AD349375465E85F.d.1F8BC08B801186B34B5D319C987A5F8D.e.32}]
Capabilities {acceptInsecureCerts: false, browserName: chrome, browserVersion: 144.0.7559.135, chrome: {chromedriverVersion: 144.0.7559.133 (7da823b1d59..., userDataDir: C:\Users\I1002567\AppData\L...}, fedcm:accounts: true, goog:chromeOptions: {debuggerAddress: localhost:50329}, goog:processID: 23568, networkConnectionEnabled: false, pageLoadStrategy: normal, platformName: windows, proxy: Proxy(), se:cdp: ws://localhost:50329/devtoo..., se:cdpVersion: 144.0.7559.135, setWindowRect: true, strictFileInteractability: false, timeouts: {implicit: 0, pageLoad: 300000, script: 30000}, unhandledPromptBehavior: dismiss and notify, webauthn:extension:credBlob: true, webauthn:extension:largeBlob: true, webauthn:extension:minPinLength: true, webauthn:extension:prf: true, webauthn:virtualAuthenticators: true}
Element: [[ChromeDriver: chrome on windows (2ebdb6d67f76c1830411dd4eab7d92aa)] -> css selector: button[role='radio'][aria-label='1km']]
Session ID: 2ebdb6d67f76c1830411dd4eab7d92aa
[15:11:04] [INFO ] BasePage - Clicked element using JavaScript
[15:11:04] [INFO ] HomePage - Clicked distance button using JS: 1km
[15:11:04] [INFO ] FilterPage - FilterPage initialized
[15:11:04] [INFO ] FilterPage - Setting condition: Brand New
[15:11:04] [INFO ] BasePage - Scrolled to and highlighted element
[15:11:04] [INFO ] BasePage - Clicked element using JavaScript
[15:11:04] [INFO ] FilterPage - Clicked condition input using JS
[15:11:04] [INFO ] FilterPage - Typed condition: Brand New
[15:11:04] [INFO ] FilterPage - Found 1 condition suggestions
[15:11:04] [INFO ] BasePage - Scrolled to and highlighted element
[15:11:04] [INFO ] BasePage - Clicked element using JavaScript
[15:11:04] [INFO ] FilterPage - Selected condition: Brand New
[15:11:04] [INFO ] FilterPage - Setting price range: 100 to 1500
[15:11:04] [INFO ] BasePage - Scrolled to and highlighted element
[15:11:04] [INFO ] FilterPage - Set price from: 100
[15:11:04] [INFO ] BasePage - Scrolled to and highlighted element
[15:11:05] [INFO ] FilterPage - Set price to: 1500
[15:11:05] [INFO ] FilterPage - Setting negotiable: Any
[15:11:05] [INFO ] BasePage - Scrolled to and highlighted element
[15:11:05] [INFO ] BasePage - Clicked on element
[15:11:05] [INFO ] FilterPage - Set negotiable to: Any
[15:11:05] [INFO ] FilterPage - Clicking Apply Filters button
[15:11:05] [INFO ] FilterPage - Found Apply button using text
[15:11:05] [INFO ] BasePage - Scrolled to and highlighted element
[15:11:05] [INFO ] BasePage - Clicked on element
[15:11:05] [INFO ] FilterPage - Applied filters
[15:11:05] [INFO ] FilterPage - Applying sort order: A to Z
[15:11:06] [INFO ] FilterPage - Found sort dropdown using aria-label
[15:11:06] [INFO ] BasePage - Scrolled to and highlighted element
[15:11:07] [INFO ] BasePage - Clicked on element
[15:11:07] [INFO ] FilterPage - Opened sort dropdown
[15:11:07] [INFO ] BasePage - Scrolled to and highlighted element
[15:11:07] [INFO ] BasePage - Clicked on element
[15:11:07] [INFO ] FilterPage - Selected: A to Z
[15:11:07] [INFO ] SearchResultsPage - SearchResultsPage initialized
[15:11:07] [INFO ] FilterPage - ========================================
[15:11:07] [INFO ] FilterPage - TITLE SORT VERIFICATION: A TO Z
[15:11:07] [INFO ] FilterPage - ========================================
[15:11:07] [INFO ] FilterPage - Found 8 title elements
[15:11:07] [INFO ] FilterPage - Index    | Original                            | Expected(A-Z)                      
[15:11:07] [INFO ] FilterPage - ----------------------------------------------------------------------------------
[15:11:07] [INFO ] FilterPage - 1        | flights booking globally            | flights booking globally            ?
[15:11:07] [INFO ] FilterPage - 2        | health,population and enviroment book (grade x) | health,population and enviroment book (grade x) ?
[15:11:07] [INFO ] FilterPage - ========================================
[15:11:07] [INFO ] FilterPage - ? PASSED - A to Z
[15:11:07] [INFO ] FilterPage - ========================================
[15:11:07] [INFO ] SearchResultsPage - Extracting up to 50 products using virtual scroll
[15:11:07] [INFO ] SearchResultsPage - Starting virtual scroll extraction for 50 products
[15:11:07] [INFO ] SearchResultsPage - Scroll 1: 8 visible cards, 0 extracted so far
[15:11:07] [INFO ] SearchResultsPage - Extracted [1/50] index=0: flights booking globally
[15:11:07] [INFO ] BasePage - Scrolled to page bottom
[15:11:17] [INFO ] SearchResultsPage - Scroll 2: 8 visible cards, 1 extracted so far
[15:11:17] [INFO ] SearchResultsPage - Extracted [2/50] index=1: Buy Self Help Books Combo (Virtual+ Physical)
[15:11:17] [INFO ] SearchResultsPage - Extracted [3/50] index=2: clear book file 20 pocket spiral A4 size
[15:11:17] [INFO ] SearchResultsPage - Extracted [4/50] index=3: flights booking globally
[15:11:17] [INFO ] SearchResultsPage - Extracted [5/50] index=4: Health,Population and Enviroment Book (Grade X)
[15:11:17] [INFO ] SearchResultsPage - Extracted [6/50] index=5: Metal Book stands 8" and 9"
[15:11:17] [INFO ] SearchResultsPage - Extracted [7/50] index=6: New Science book (Grade IX)
[15:11:18] [INFO ] SearchResultsPage - Extracted [8/50] index=7: New Science Book( Grade X)
[15:11:18] [INFO ] BasePage - Scrolled to page bottom
[15:11:28] [INFO ] SearchResultsPage - Scroll 3: 8 visible cards, 8 extracted so far
[15:11:28] [INFO ] SearchResultsPage - No new products this scroll (1/3 attempts)
[15:11:28] [INFO ] BasePage - Scrolled to page bottom
[15:11:38] [INFO ] SearchResultsPage - Scroll 4: 8 visible cards, 8 extracted so far
[15:11:38] [INFO ] SearchResultsPage - No new products this scroll (2/3 attempts)
[15:11:38] [INFO ] BasePage - Scrolled to page bottom
[15:11:48] [INFO ] SearchResultsPage - Scroll 5: 8 visible cards, 8 extracted so far
[15:11:48] [INFO ] SearchResultsPage - No new products this scroll (3/3 attempts)
[15:11:48] [INFO ] SearchResultsPage - No more new products after 3 attempts, stopping
[15:11:48] [INFO ] SearchResultsPage - Virtual scroll complete: extracted 8 products in 4 scrolls
[15:11:48] [INFO ] BaseTest - CSV saved: C:\Users\I1002567\eclipse-workspace\HamroBazaarAutomation\test-output\Book_Results_2026-02-17_15-09-07.csv

CSV FILE SAVED: C:\Users\I1002567\eclipse-workspace\HamroBazaarAutomation\test-output\Book_Results_2026-02-17_15-09-07.csv

================================================================================================================================================================
RESULTS FOR: BOOK  |  Sort: A to Z  |  Total: 8
================================================================================================================================================================
SN   | Title                                    | Price           | Condition    | Posted Date     | Seller                   
----------------------------------------------------------------------------------------------------------------------------------------------------------------
1    | flights booking globally                 | 1,000           | Brand New    | 4 days ago      | N/A                      
2    | Buy Self Help Books Combo (Virtual+ P... | 1,500           | Brand New    | 1 years ago     | Trusted Cards            
3    | clear book file 20 pocket spiral A4 size | 500             | Brand New    | 3 years ago     | Sumiran Stationery & s...
4    | flights booking globally                 | 1,000           | Brand New    | 4 days ago      | suman                    
5    | Health,Population and Enviroment Book... | 200             | Brand New    | 11 months ago   | Abheek Bajracharya       
6    | Metal Book stands 8" and 9"              | 650             | Brand New    | 2 years ago     | Sumiran Stationery & s...
7    | New Science book (Grade IX)              | 300             | Brand New    | 11 months ago   | Abheek Bajracharya       
8    | New Science Book( Grade X)               | 150             | Brand New    | 11 months ago   | Abheek Bajracharya       
================================================================================================================================================================

[15:11:48] [INFO ] BaseTest - Book Search Test PASSED
[15:11:48] [INFO ] ExtentReportListener - Test Passed: testBookSearch
]]></system-out>
    <system-err><![CDATA[Feb 17, 2026 3:10:54 PM org.openqa.selenium.devtools.CdpVersionFinder findNearestMatch
WARNING: Unable to find CDP implementation matching 144
Feb 17, 2026 3:10:54 PM org.openqa.selenium.chromium.ChromiumDriver lambda$new$5
WARNING: Unable to find version of CDP to use for 144.0.7559.135. You may need to include a dependency on a specific version of the CDP using something similar to `org.seleniumhq.selenium:selenium-devtools-v86:4.18.1` where the version ("v86") matches the version of the chromium-based browser you're using and the version number of the artifact is the same as Selenium's.
]]></system-err>
  </testcase>
</testsuite>