<?xml version="1.0" encoding="UTF-8"?>
<testng-results ignored="0" total="3" passed="3" failed="0" skipped="0">
  <reporter-output>
  </reporter-output>
  <suite started-at="2026-02-17T15:09:07 NPT" name="HamroBazaar Automation Test Suite" finished-at="2026-02-17T15:11:48 NPT" duration-ms="161009">
    <groups>
    </groups>
    <test started-at="2026-02-17T15:09:07 NPT" name="Monitor Search Test" finished-at="2026-02-17T15:10:10 NPT" duration-ms="63116">
      <class name="com.hamrobazaar.tests.SearchResultsTest">
        <test-method is-config="true" signature="setUp(java.lang.String)[pri:0, instance:com.hamrobazaar.tests.SearchResultsTest@22175d4f]" started-at="2026-02-17T15:09:07 NPT" name="setUp" finished-at="2026-02-17T15:09:09 NPT" duration-ms="1907" status="PASS">
          <params>
            <param index="0">
              <value>
                <![CDATA[chrome]]>
              </value>
            </param>
          </params>
          <reporter-output>
          </reporter-output>
        </test-method> <!-- setUp -->
        <test-method signature="testCompleteSearchFlowInOneSession()[pri:1, instance:com.hamrobazaar.tests.SearchResultsTest@22175d4f]" started-at="2026-02-17T15:09:09 NPT" name="testCompleteSearchFlowInOneSession" description="Complete Search, Filter, Sort, Extract, and Save - All in One Session" finished-at="2026-02-17T15:10:10 NPT" duration-ms="60655" status="PASS">
          <reporter-output>
          </reporter-output>
        </test-method> <!-- testCompleteSearchFlowInOneSession -->
        <test-method is-config="true" signature="tearDown()[pri:0, instance:com.hamrobazaar.tests.SearchResultsTest@22175d4f]" started-at="2026-02-17T15:10:10 NPT" name="tearDown" finished-at="2026-02-17T15:10:10 NPT" duration-ms="498" status="PASS">
          <reporter-output>
          </reporter-output>
        </test-method> <!-- tearDown -->
      </class> <!-- com.hamrobazaar.tests.SearchResultsTest -->
    </test> <!-- Monitor Search Test -->
    <test started-at="2026-02-17T15:10:11 NPT" name="Car and Book Search Tests" finished-at="2026-02-17T15:11:48 NPT" duration-ms="97632">
      <class name="com.hamrobazaar.tests.CarAndBookTest">
        <test-method is-config="true" signature="setUp(java.lang.String)[pri:0, instance:com.hamrobazaar.tests.CarAndBookTest@6759f091]" started-at="2026-02-17T15:10:11 NPT" name="setUp" finished-at="2026-02-17T15:10:12 NPT" duration-ms="1351" status="PASS">
          <params>
            <param index="0">
              <value>
                <![CDATA[chrome]]>
              </value>
            </param>
          </params>
          <reporter-output>
          </reporter-output>
        </test-method> <!-- setUp -->
        <test-method signature="testCarSearch()[pri:1, instance:com.hamrobazaar.tests.CarAndBookTest@6759f091]" started-at="2026-02-17T15:10:12 NPT" name="testCarSearch" description="Car Search - Used condition, High to Low price, 100000-10000000 range" finished-at="2026-02-17T15:10:52 NPT" duration-ms="40104" status="PASS">
          <reporter-output>
          </reporter-output>
        </test-method> <!-- testCarSearch -->
        <test-method is-config="true" signature="tearDown()[pri:0, instance:com.hamrobazaar.tests.CarAndBookTest@6759f091]" started-at="2026-02-17T15:10:52 NPT" name="tearDown" finished-at="2026-02-17T15:10:53 NPT" duration-ms="450" status="PASS">
          <reporter-output>
          </reporter-output>
        </test-method> <!-- tearDown -->
        <test-method is-config="true" signature="setUp(java.lang.String)[pri:0, instance:com.hamrobazaar.tests.CarAndBookTest@6759f091]" started-at="2026-02-17T15:10:53 NPT" name="setUp" finished-at="2026-02-17T15:10:54 NPT" duration-ms="1386" status="PASS">
          <params>
            <param index="0">
              <value>
                <![CDATA[chrome]]>
              </value>
            </param>
          </params>
          <reporter-output>
          </reporter-output>
        </test-method> <!-- setUp -->
        <test-method signature="testBookSearch()[pri:2, instance:com.hamrobazaar.tests.CarAndBookTest@6759f091]" started-at="2026-02-17T15:10:54 NPT" name="testBookSearch" description="Book Search - Brand New condition, A to Z sort, 100-1500 price range" finished-at="2026-02-17T15:11:48 NPT" duration-ms="53850" status="PASS">
          <reporter-output>
          </reporter-output>
        </test-method> <!-- testBookSearch -->
        <test-method is-config="true" signature="tearDown()[pri:0, instance:com.hamrobazaar.tests.CarAndBookTest@6759f091]" started-at="2026-02-17T15:11:48 NPT" name="tearDown" finished-at="2026-02-17T15:11:48 NPT" duration-ms="488" status="PASS">
          <reporter-output>
          </reporter-output>
        </test-method> <!-- tearDown -->
      </class> <!-- com.hamrobazaar.tests.CarAndBookTest -->
    </test> <!-- Car and Book Search Tests -->
  </suite> <!-- HamroBazaar Automation Test Suite -->
</testng-results>
