<?xml version="1.0" encoding="UTF-8"?>
<!-- Generated by org.testng.reporters.JUnitReportReporter -->
<testsuite hostname="VA-IGa4XlBQveWE" failures="0" tests="2" name="com.hamrobazaar.tests.CarAndBookTest" time="97.629" errors="0" timestamp="2026-02-17T15:11:48 NPT" skipped="0">
  <testcase classname="com.hamrobazaar.tests.CarAndBookTest" name="testCarSearch" time="41.978"/>
  <testcase classname="com.hamrobazaar.tests.CarAndBookTest" name="testBookSearch" time="55.651"/>
</testsuite> <!-- com.hamrobazaar.tests.CarAndBookTest -->
