<?xml version="1.0" encoding="UTF-8"?>
<!-- Generated by org.testng.reporters.JUnitReportReporter -->
<testsuite hostname="VA-IGa4XlBQveWE" failures="0" tests="2" name="com.hamrobazaar.tests.CarAndBookTest" time="130.491" errors="0" timestamp="2026-02-18T14:07:49 NPT" skipped="0">
  <testcase classname="com.hamrobazaar.tests.CarAndBookTest" name="testCarSearch" time="66.469"/>
  <testcase classname="com.hamrobazaar.tests.CarAndBookTest" name="testBookSearch" time="64.022"/>
</testsuite> <!-- com.hamrobazaar.tests.CarAndBookTest -->
